;  LST file generated by mikroListExporter - v.2.0 
; Date/Time: 1/8/2021 2:30:15 AM
;----------------------------------------------

;Address Opcode 	ASM
0x0000	0xF001EF3D  	GOTO        634
0x0004	0x0000      	NOP
0x0006	0x0000      	NOP
0x0008	0xF000EF00  	GOTO        0
0x000C	0x0000      	NOP
0x000E	0x0000      	NOP
0x0010	0x0000      	NOP
0x0012	0x0000      	NOP
0x0014	0x0000      	NOP
0x0016	0x0000      	NOP
0x0018	0xD7F3      	BRA         0
_Delay_5500us:
;__Lib_Delays.c,31 :: 		void Delay_5500us() {
;__Lib_Delays.c,32 :: 		Delay_us(5500);
0x001C	0x0E0F      	MOVLW       15
0x001E	0x6E0C      	MOVWF       R12, 0
0x0020	0x0E47      	MOVLW       71
0x0022	0x6E0D      	MOVWF       R13, 0
L_Delay_5500us5:
0x0024	0x2E0D      	DECFSZ      R13, 1, 0
0x0026	0xD7FE      	BRA         L_Delay_5500us5
0x0028	0x2E0C      	DECFSZ      R12, 1, 0
0x002A	0xD7FC      	BRA         L_Delay_5500us5
0x002C	0x0000      	NOP
0x002E	0x0000      	NOP
;__Lib_Delays.c,33 :: 		}
L_end_Delay_5500us:
0x0030	0x0012      	RETURN      0
; end of _Delay_5500us
_Delay_50us:
;__Lib_Delays.c,19 :: 		void Delay_50us() {
;__Lib_Delays.c,20 :: 		Delay_us(50);
0x0032	0x0E21      	MOVLW       33
0x0034	0x6E0D      	MOVWF       R13, 0
L_Delay_50us2:
0x0036	0x2E0D      	DECFSZ      R13, 1, 0
0x0038	0xD7FE      	BRA         L_Delay_50us2
;__Lib_Delays.c,21 :: 		}
L_end_Delay_50us:
0x003A	0x0012      	RETURN      0
; end of _Delay_50us
_Delay_1us:
;__Lib_Delays.c,7 :: 		void Delay_1us() {
;__Lib_Delays.c,8 :: 		Delay_us(1);
0x003C	0x0000      	NOP
0x003E	0x0000      	NOP
;__Lib_Delays.c,9 :: 		}
L_end_Delay_1us:
0x0040	0x0012      	RETURN      0
; end of _Delay_1us
_Lcd_Cmd:
;__Lib_Lcd.c,18 :: 		
;__Lib_Lcd.c,20 :: 		
0x0042	0xBE63      	BTFSC       FARG_Lcd_Cmd_out_char, 7 
0x0044	0xD002      	BRA         L__Lcd_Cmd21
0x0046	0x9E82      	BCF         LCD_D7, BitPos(LCD_D7+0) 
0x0048	0xD001      	BRA         L__Lcd_Cmd22
L__Lcd_Cmd21:
0x004A	0x8E82      	BSF         LCD_D7, BitPos(LCD_D7+0) 
L__Lcd_Cmd22:
;__Lib_Lcd.c,21 :: 		
0x004C	0xBC63      	BTFSC       FARG_Lcd_Cmd_out_char, 6 
0x004E	0xD002      	BRA         L__Lcd_Cmd23
0x0050	0x9C82      	BCF         LCD_D6, BitPos(LCD_D6+0) 
0x0052	0xD001      	BRA         L__Lcd_Cmd24
L__Lcd_Cmd23:
0x0054	0x8C82      	BSF         LCD_D6, BitPos(LCD_D6+0) 
L__Lcd_Cmd24:
;__Lib_Lcd.c,22 :: 		
0x0056	0xBA63      	BTFSC       FARG_Lcd_Cmd_out_char, 5 
0x0058	0xD002      	BRA         L__Lcd_Cmd25
0x005A	0x9A82      	BCF         LCD_D5, BitPos(LCD_D5+0) 
0x005C	0xD001      	BRA         L__Lcd_Cmd26
L__Lcd_Cmd25:
0x005E	0x8A82      	BSF         LCD_D5, BitPos(LCD_D5+0) 
L__Lcd_Cmd26:
;__Lib_Lcd.c,23 :: 		
0x0060	0xB863      	BTFSC       FARG_Lcd_Cmd_out_char, 4 
0x0062	0xD002      	BRA         L__Lcd_Cmd27
0x0064	0x9882      	BCF         LCD_D4, BitPos(LCD_D4+0) 
0x0066	0xD001      	BRA         L__Lcd_Cmd28
L__Lcd_Cmd27:
0x0068	0x8882      	BSF         LCD_D4, BitPos(LCD_D4+0) 
L__Lcd_Cmd28:
;__Lib_Lcd.c,25 :: 		
0x006A	0xB04B      	BTFSC       __Lib_Lcd_cmd_status, BitPos(__Lib_Lcd_cmd_status+0) 
0x006C	0xD002      	BRA         L__Lcd_Cmd29
0x006E	0x8083      	BSF         LCD_RS, BitPos(LCD_RS+0) 
0x0070	0xD001      	BRA         L__Lcd_Cmd30
L__Lcd_Cmd29:
0x0072	0x9083      	BCF         LCD_RS, BitPos(LCD_RS+0) 
L__Lcd_Cmd30:
;__Lib_Lcd.c,28 :: 		
0x0074	0x8483      	BSF         LCD_EN, BitPos(LCD_EN+0) 
;__Lib_Lcd.c,29 :: 		
0x0076	0xDFE2      	RCALL       _Delay_1us
;__Lib_Lcd.c,30 :: 		
0x0078	0x9483      	BCF         LCD_EN, BitPos(LCD_EN+0) 
;__Lib_Lcd.c,33 :: 		
0x007A	0xB663      	BTFSC       FARG_Lcd_Cmd_out_char, 3 
0x007C	0xD002      	BRA         L__Lcd_Cmd31
0x007E	0x9E82      	BCF         LCD_D7, BitPos(LCD_D7+0) 
0x0080	0xD001      	BRA         L__Lcd_Cmd32
L__Lcd_Cmd31:
0x0082	0x8E82      	BSF         LCD_D7, BitPos(LCD_D7+0) 
L__Lcd_Cmd32:
;__Lib_Lcd.c,34 :: 		
0x0084	0xB463      	BTFSC       FARG_Lcd_Cmd_out_char, 2 
0x0086	0xD002      	BRA         L__Lcd_Cmd33
0x0088	0x9C82      	BCF         LCD_D6, BitPos(LCD_D6+0) 
0x008A	0xD001      	BRA         L__Lcd_Cmd34
L__Lcd_Cmd33:
0x008C	0x8C82      	BSF         LCD_D6, BitPos(LCD_D6+0) 
L__Lcd_Cmd34:
;__Lib_Lcd.c,35 :: 		
0x008E	0xB263      	BTFSC       FARG_Lcd_Cmd_out_char, 1 
0x0090	0xD002      	BRA         L__Lcd_Cmd35
0x0092	0x9A82      	BCF         LCD_D5, BitPos(LCD_D5+0) 
0x0094	0xD001      	BRA         L__Lcd_Cmd36
L__Lcd_Cmd35:
0x0096	0x8A82      	BSF         LCD_D5, BitPos(LCD_D5+0) 
L__Lcd_Cmd36:
;__Lib_Lcd.c,36 :: 		
0x0098	0xB063      	BTFSC       FARG_Lcd_Cmd_out_char, 0 
0x009A	0xD002      	BRA         L__Lcd_Cmd37
0x009C	0x9882      	BCF         LCD_D4, BitPos(LCD_D4+0) 
0x009E	0xD001      	BRA         L__Lcd_Cmd38
L__Lcd_Cmd37:
0x00A0	0x8882      	BSF         LCD_D4, BitPos(LCD_D4+0) 
L__Lcd_Cmd38:
;__Lib_Lcd.c,38 :: 		
0x00A2	0xB04B      	BTFSC       __Lib_Lcd_cmd_status, BitPos(__Lib_Lcd_cmd_status+0) 
0x00A4	0xD002      	BRA         L__Lcd_Cmd39
0x00A6	0x8083      	BSF         LCD_RS, BitPos(LCD_RS+0) 
0x00A8	0xD001      	BRA         L__Lcd_Cmd40
L__Lcd_Cmd39:
0x00AA	0x9083      	BCF         LCD_RS, BitPos(LCD_RS+0) 
L__Lcd_Cmd40:
;__Lib_Lcd.c,40 :: 		
0x00AC	0x8483      	BSF         LCD_EN, BitPos(LCD_EN+0) 
;__Lib_Lcd.c,41 :: 		
0x00AE	0xDFC6      	RCALL       _Delay_1us
;__Lib_Lcd.c,42 :: 		
0x00B0	0x9483      	BCF         LCD_EN, BitPos(LCD_EN+0) 
;__Lib_Lcd.c,44 :: 		
0x00B2	0xA04B      	BTFSS       __Lib_Lcd_cmd_status, BitPos(__Lib_Lcd_cmd_status+0) 
0x00B4	0xD002      	BRA         L_Lcd_Cmd0
;__Lib_Lcd.c,45 :: 		
0x00B6	0xDFB2      	RCALL       _Delay_5500us
0x00B8	0xD001      	BRA         L_Lcd_Cmd1
L_Lcd_Cmd0:
;__Lib_Lcd.c,47 :: 		
0x00BA	0xDFBB      	RCALL       _Delay_50us
L_Lcd_Cmd1:
;__Lib_Lcd.c,48 :: 		
L_end_Lcd_Cmd:
0x00BC	0x0012      	RETURN      0
; end of _Lcd_Cmd
_Lcd_Chr_CP:
;__Lib_Lcd.c,50 :: 		
;__Lib_Lcd.c,52 :: 		
0x00BE	0x904B      	BCF         __Lib_Lcd_cmd_status, BitPos(__Lib_Lcd_cmd_status+0) 
;__Lib_Lcd.c,53 :: 		
0x00C0	0xF063C062  	MOVFF       FARG_Lcd_Chr_CP_out_char, FARG_Lcd_Cmd_out_char
0x00C4	0xDFBE      	RCALL       _Lcd_Cmd
;__Lib_Lcd.c,54 :: 		
0x00C6	0x804B      	BSF         __Lib_Lcd_cmd_status, BitPos(__Lib_Lcd_cmd_status+0) 
;__Lib_Lcd.c,55 :: 		
L_end_Lcd_Chr_CP:
0x00C8	0x0012      	RETURN      0
; end of _Lcd_Chr_CP
_Div_8X8_U:
;__Lib_Math.c,77 :: 		
;__Lib_Math.c,84 :: 		
0x00CA	0x6A08      	CLRF        R8, 0
;__Lib_Math.c,85 :: 		
0x00CC	0x0E08      	MOVLW       8
;__Lib_Math.c,86 :: 		
0x00CE	0x6E0C      	MOVWF       R12, 0
;__Lib_Math.c,87 :: 		
0x00D0	0x3400      	RLCF        R0, 0, 0
;__Lib_Math.c,88 :: 		
0x00D2	0x3608      	RLCF        R8, 1, 0
;__Lib_Math.c,89 :: 		
0x00D4	0x5004      	MOVF        R4, 0, 0
;__Lib_Math.c,90 :: 		
0x00D6	0x5E08      	SUBWF       R8, 1, 0
;__Lib_Math.c,91 :: 		
0x00D8	0xB0D8      	BTFSC       STATUS, 0, 0
;__Lib_Math.c,92 :: 		
0x00DA	0xD002      	BRA         $+6
;__Lib_Math.c,93 :: 		
0x00DC	0x2608      	ADDWF       R8, 1, 0
;__Lib_Math.c,94 :: 		
0x00DE	0x90D8      	BCF         STATUS, 0, 0
;__Lib_Math.c,95 :: 		
0x00E0	0x3600      	RLCF        R0, 1, 0
;__Lib_Math.c,96 :: 		
0x00E2	0x2E0C      	DECFSZ      R12, 1, 0
;__Lib_Math.c,97 :: 		
0x00E4	0xD7F5      	BRA         $-20
;__Lib_Math.c,99 :: 		
L_end_Div_8X8_U:
0x00E6	0x0012      	RETURN      0
; end of _Div_8X8_U
_Lcd_Init:
;__Lib_Lcd.c,84 :: 		
;__Lib_Lcd.c,86 :: 		
0x00E8	0x9495      	BCF         LCD_EN_Direction, BitPos(LCD_EN_Direction+0) 
;__Lib_Lcd.c,87 :: 		
0x00EA	0x9095      	BCF         LCD_RS_Direction, BitPos(LCD_RS_Direction+0) 
;__Lib_Lcd.c,88 :: 		
0x00EC	0x9894      	BCF         LCD_D4_Direction, BitPos(LCD_D4_Direction+0) 
;__Lib_Lcd.c,89 :: 		
0x00EE	0x9A94      	BCF         LCD_D5_Direction, BitPos(LCD_D5_Direction+0) 
;__Lib_Lcd.c,90 :: 		
0x00F0	0x9C94      	BCF         LCD_D6_Direction, BitPos(LCD_D6_Direction+0) 
;__Lib_Lcd.c,91 :: 		
0x00F2	0x9E94      	BCF         LCD_D7_Direction, BitPos(LCD_D7_Direction+0) 
;__Lib_Lcd.c,93 :: 		
0x00F4	0x9483      	BCF         LCD_EN, BitPos(LCD_EN+0) 
;__Lib_Lcd.c,94 :: 		
0x00F6	0x9083      	BCF         LCD_RS, BitPos(LCD_RS+0) 
;__Lib_Lcd.c,95 :: 		
0x00F8	0x9E82      	BCF         LCD_D7, BitPos(LCD_D7+0) 
;__Lib_Lcd.c,96 :: 		
0x00FA	0x9C82      	BCF         LCD_D6, BitPos(LCD_D6+0) 
;__Lib_Lcd.c,97 :: 		
0x00FC	0x9A82      	BCF         LCD_D5, BitPos(LCD_D5+0) 
;__Lib_Lcd.c,98 :: 		
0x00FE	0x9882      	BCF         LCD_D4, BitPos(LCD_D4+0) 
;__Lib_Lcd.c,100 :: 		
0x0100	0xDF8D      	RCALL       _Delay_5500us
;__Lib_Lcd.c,101 :: 		
0x0102	0xDF8C      	RCALL       _Delay_5500us
;__Lib_Lcd.c,102 :: 		
0x0104	0xDF8B      	RCALL       _Delay_5500us
;__Lib_Lcd.c,105 :: 		
0x0106	0x8A82      	BSF         LCD_D5, BitPos(LCD_D5+0) 
;__Lib_Lcd.c,106 :: 		
0x0108	0x8882      	BSF         LCD_D4, BitPos(LCD_D4+0) 
;__Lib_Lcd.c,107 :: 		
0x010A	0x8483      	BSF         LCD_EN, BitPos(LCD_EN+0) 
;__Lib_Lcd.c,108 :: 		
0x010C	0xDF97      	RCALL       _Delay_1us
;__Lib_Lcd.c,109 :: 		
0x010E	0x9483      	BCF         LCD_EN, BitPos(LCD_EN+0) 
;__Lib_Lcd.c,110 :: 		
0x0110	0xDF85      	RCALL       _Delay_5500us
;__Lib_Lcd.c,112 :: 		
0x0112	0x8483      	BSF         LCD_EN, BitPos(LCD_EN+0) 
;__Lib_Lcd.c,113 :: 		
0x0114	0xDF93      	RCALL       _Delay_1us
;__Lib_Lcd.c,114 :: 		
0x0116	0x9483      	BCF         LCD_EN, BitPos(LCD_EN+0) 
;__Lib_Lcd.c,115 :: 		
0x0118	0xDF81      	RCALL       _Delay_5500us
;__Lib_Lcd.c,117 :: 		
0x011A	0x8483      	BSF         LCD_EN, BitPos(LCD_EN+0) 
;__Lib_Lcd.c,118 :: 		
0x011C	0xDF8F      	RCALL       _Delay_1us
;__Lib_Lcd.c,119 :: 		
0x011E	0x9483      	BCF         LCD_EN, BitPos(LCD_EN+0) 
;__Lib_Lcd.c,120 :: 		
0x0120	0xDF7D      	RCALL       _Delay_5500us
;__Lib_Lcd.c,123 :: 		
0x0122	0x9882      	BCF         LCD_D4, BitPos(LCD_D4+0) 
;__Lib_Lcd.c,124 :: 		
0x0124	0x8483      	BSF         LCD_EN, BitPos(LCD_EN+0) 
;__Lib_Lcd.c,125 :: 		
0x0126	0xDF8A      	RCALL       _Delay_1us
;__Lib_Lcd.c,126 :: 		
0x0128	0x9483      	BCF         LCD_EN, BitPos(LCD_EN+0) 
;__Lib_Lcd.c,127 :: 		
0x012A	0xDF78      	RCALL       _Delay_5500us
;__Lib_Lcd.c,130 :: 		
0x012C	0x8483      	BSF         LCD_EN, BitPos(LCD_EN+0) 
;__Lib_Lcd.c,131 :: 		
0x012E	0xDF86      	RCALL       _Delay_1us
;__Lib_Lcd.c,132 :: 		
0x0130	0x9483      	BCF         LCD_EN, BitPos(LCD_EN+0) 
;__Lib_Lcd.c,134 :: 		
0x0132	0x9A82      	BCF         LCD_D5, BitPos(LCD_D5+0) 
;__Lib_Lcd.c,135 :: 		
0x0134	0x8E82      	BSF         LCD_D7, BitPos(LCD_D7+0) 
;__Lib_Lcd.c,136 :: 		
0x0136	0x8483      	BSF         LCD_EN, BitPos(LCD_EN+0) 
;__Lib_Lcd.c,137 :: 		
0x0138	0xDF81      	RCALL       _Delay_1us
;__Lib_Lcd.c,138 :: 		
0x013A	0x9483      	BCF         LCD_EN, BitPos(LCD_EN+0) 
;__Lib_Lcd.c,139 :: 		
0x013C	0xDF6F      	RCALL       _Delay_5500us
;__Lib_Lcd.c,142 :: 		
0x013E	0x9E82      	BCF         LCD_D7, BitPos(LCD_D7+0) 
;__Lib_Lcd.c,143 :: 		
0x0140	0x8882      	BSF         LCD_D4, BitPos(LCD_D4+0) 
;__Lib_Lcd.c,144 :: 		
0x0142	0x8483      	BSF         LCD_EN, BitPos(LCD_EN+0) 
;__Lib_Lcd.c,145 :: 		
0x0144	0xDF7B      	RCALL       _Delay_1us
;__Lib_Lcd.c,146 :: 		
0x0146	0x9483      	BCF         LCD_EN, BitPos(LCD_EN+0) 
;__Lib_Lcd.c,148 :: 		
0x0148	0x9882      	BCF         LCD_D4, BitPos(LCD_D4+0) 
;__Lib_Lcd.c,149 :: 		
0x014A	0x8483      	BSF         LCD_EN, BitPos(LCD_EN+0) 
;__Lib_Lcd.c,150 :: 		
0x014C	0xDF77      	RCALL       _Delay_1us
;__Lib_Lcd.c,151 :: 		
0x014E	0x9483      	BCF         LCD_EN, BitPos(LCD_EN+0) 
;__Lib_Lcd.c,152 :: 		
0x0150	0xDF65      	RCALL       _Delay_5500us
;__Lib_Lcd.c,155 :: 		
0x0152	0x8483      	BSF         LCD_EN, BitPos(LCD_EN+0) 
;__Lib_Lcd.c,156 :: 		
0x0154	0xDF73      	RCALL       _Delay_1us
;__Lib_Lcd.c,157 :: 		
0x0156	0x9483      	BCF         LCD_EN, BitPos(LCD_EN+0) 
;__Lib_Lcd.c,159 :: 		
0x0158	0x8882      	BSF         LCD_D4, BitPos(LCD_D4+0) 
;__Lib_Lcd.c,160 :: 		
0x015A	0x8483      	BSF         LCD_EN, BitPos(LCD_EN+0) 
;__Lib_Lcd.c,161 :: 		
0x015C	0xDF6F      	RCALL       _Delay_1us
;__Lib_Lcd.c,162 :: 		
0x015E	0x9483      	BCF         LCD_EN, BitPos(LCD_EN+0) 
;__Lib_Lcd.c,163 :: 		
0x0160	0xDF5D      	RCALL       _Delay_5500us
;__Lib_Lcd.c,166 :: 		
0x0162	0x9882      	BCF         LCD_D4, BitPos(LCD_D4+0) 
;__Lib_Lcd.c,167 :: 		
0x0164	0x8483      	BSF         LCD_EN, BitPos(LCD_EN+0) 
;__Lib_Lcd.c,168 :: 		
0x0166	0xDF6A      	RCALL       _Delay_1us
;__Lib_Lcd.c,169 :: 		
0x0168	0x9483      	BCF         LCD_EN, BitPos(LCD_EN+0) 
;__Lib_Lcd.c,171 :: 		
0x016A	0x8E82      	BSF         LCD_D7, BitPos(LCD_D7+0) 
;__Lib_Lcd.c,172 :: 		
0x016C	0x8C82      	BSF         LCD_D6, BitPos(LCD_D6+0) 
;__Lib_Lcd.c,173 :: 		
0x016E	0x8A82      	BSF         LCD_D5, BitPos(LCD_D5+0) 
;__Lib_Lcd.c,174 :: 		
0x0170	0x8882      	BSF         LCD_D4, BitPos(LCD_D4+0) 
;__Lib_Lcd.c,175 :: 		
0x0172	0x8483      	BSF         LCD_EN, BitPos(LCD_EN+0) 
;__Lib_Lcd.c,176 :: 		
0x0174	0xDF63      	RCALL       _Delay_1us
;__Lib_Lcd.c,177 :: 		
0x0176	0x9483      	BCF         LCD_EN, BitPos(LCD_EN+0) 
;__Lib_Lcd.c,179 :: 		
0x0178	0xDF51      	RCALL       _Delay_5500us
;__Lib_Lcd.c,181 :: 		
0x017A	0x804B      	BSF         __Lib_Lcd_cmd_status, BitPos(__Lib_Lcd_cmd_status+0) 
;__Lib_Lcd.c,182 :: 		
L_end_Lcd_Init:
0x017C	0x0012      	RETURN      0
; end of _Lcd_Init
___CC2DW:
;__Lib_System.c,21 :: 		
;__Lib_System.c,23 :: 		
_CC2DL_Loop1:
;__Lib_System.c,24 :: 		
0x017E	0x0009      	TBLRD*+
;__Lib_System.c,25 :: 		
0x0180	0xFFE6CFF5  	MOVFF       TABLAT, POSTINC1
;__Lib_System.c,26 :: 		
0x0184	0x0600      	DECF        R0, 1, 0
;__Lib_System.c,27 :: 		
0x0186	0xE1FB      	BNZ         _CC2DL_Loop1
;__Lib_System.c,28 :: 		
0x0188	0x0601      	DECF        R1, 1, 0
;__Lib_System.c,29 :: 		
0x018A	0xE1F9      	BNZ         _CC2DL_Loop1
;__Lib_System.c,31 :: 		
L_end___CC2DW:
0x018C	0x0012      	RETURN      0
; end of ___CC2DW
_ByteToStr:
;__Lib_Conversions.c,66 :: 		
;__Lib_Conversions.c,69 :: 		
0x018E	0x6A5F      	CLRF        ByteToStr_DigitPos_L0 
L_ByteToStr0:
0x0190	0x0E03      	MOVLW       3
0x0192	0x5C5F      	SUBWF       ByteToStr_DigitPos_L0, 0 
0x0194	0xE20A      	BC          L_ByteToStr1
;__Lib_Conversions.c,70 :: 		
0x0196	0x505F      	MOVF        ByteToStr_DigitPos_L0, 0 
0x0198	0x245D      	ADDWF       FARG_ByteToStr_output, 0 
0x019A	0x6EE1      	MOVWF       FSR1L 
0x019C	0x0E00      	MOVLW       0
0x019E	0x205E      	ADDWFC      FARG_ByteToStr_output+1, 0 
0x01A0	0x6EE2      	MOVWF       FSR1L+1 
0x01A2	0x0E20      	MOVLW       32
0x01A4	0x6EE6      	MOVWF       POSTINC1 
;__Lib_Conversions.c,69 :: 		
0x01A6	0x2A5F      	INCF        ByteToStr_DigitPos_L0, 1 
;__Lib_Conversions.c,70 :: 		
0x01A8	0xD7F3      	BRA         L_ByteToStr0
L_ByteToStr1:
;__Lib_Conversions.c,72 :: 		
0x01AA	0x505F      	MOVF        ByteToStr_DigitPos_L0, 0 
0x01AC	0x245D      	ADDWF       FARG_ByteToStr_output, 0 
0x01AE	0x6EE1      	MOVWF       FSR1L 
0x01B0	0x0E00      	MOVLW       0
0x01B2	0x205E      	ADDWFC      FARG_ByteToStr_output+1, 0 
0x01B4	0x6EE2      	MOVWF       FSR1L+1 
0x01B6	0x6AE6      	CLRF        POSTINC1 
0x01B8	0x065F      	DECF        ByteToStr_DigitPos_L0, 1 
;__Lib_Conversions.c,74 :: 		
L_ByteToStr3:
;__Lib_Conversions.c,75 :: 		
0x01BA	0x505F      	MOVF        ByteToStr_DigitPos_L0, 0 
0x01BC	0x245D      	ADDWF       FARG_ByteToStr_output, 0 
0x01BE	0x6E60      	MOVWF       FLOC__ByteToStr 
0x01C0	0x0E00      	MOVLW       0
0x01C2	0x205E      	ADDWFC      FARG_ByteToStr_output+1, 0 
0x01C4	0x6E61      	MOVWF       FLOC__ByteToStr+1 
0x01C6	0x0E0A      	MOVLW       10
0x01C8	0x6E04      	MOVWF       R4 
0x01CA	0xF000C05C  	MOVFF       FARG_ByteToStr_input, R0
0x01CE	0xDF7D      	RCALL       _Div_8X8_U
0x01D0	0xF000C008  	MOVFF       R8, R0
0x01D4	0x0E30      	MOVLW       48
0x01D6	0x2600      	ADDWF       R0, 1 
0x01D8	0xFFE1C060  	MOVFF       FLOC__ByteToStr, FSR1L
0x01DC	0xFFE2C061  	MOVFF       FLOC__ByteToStr+1, FSR1H
0x01E0	0xFFE6C000  	MOVFF       R0, POSTINC1
;__Lib_Conversions.c,76 :: 		
0x01E4	0x0E0A      	MOVLW       10
0x01E6	0x6E04      	MOVWF       R4 
0x01E8	0xF000C05C  	MOVFF       FARG_ByteToStr_input, R0
0x01EC	0xDF6E      	RCALL       _Div_8X8_U
0x01EE	0xF05CC000  	MOVFF       R0, FARG_ByteToStr_input
;__Lib_Conversions.c,77 :: 		
0x01F2	0x5000      	MOVF        R0, 0 
0x01F4	0x0A00      	XORLW       0
0x01F6	0xE101      	BNZ         L_ByteToStr5
;__Lib_Conversions.c,78 :: 		
0x01F8	0xD002      	BRA         L_ByteToStr4
L_ByteToStr5:
;__Lib_Conversions.c,79 :: 		
0x01FA	0x065F      	DECF        ByteToStr_DigitPos_L0, 1 
;__Lib_Conversions.c,80 :: 		
0x01FC	0xD7DE      	BRA         L_ByteToStr3
L_ByteToStr4:
;__Lib_Conversions.c,81 :: 		
L_end_ByteToStr:
0x01FE	0x0012      	RETURN      0
; end of _ByteToStr
_Lcd_Out:
;__Lib_Lcd.c,184 :: 		
;__Lib_Lcd.c,187 :: 		
0x0200	0xD00F      	BRA         L_Lcd_Out11
;__Lib_Lcd.c,188 :: 		
L_Lcd_Out13:
0x0202	0x0E80      	MOVLW       128
0x0204	0x6E5C      	MOVWF       FARG_Lcd_Out_row 
0x0206	0xD019      	BRA         L_Lcd_Out12
;__Lib_Lcd.c,189 :: 		
L_Lcd_Out14:
0x0208	0x0EC0      	MOVLW       192
0x020A	0x6E5C      	MOVWF       FARG_Lcd_Out_row 
0x020C	0xD016      	BRA         L_Lcd_Out12
;__Lib_Lcd.c,190 :: 		
L_Lcd_Out15:
0x020E	0x0E94      	MOVLW       148
0x0210	0x6E5C      	MOVWF       FARG_Lcd_Out_row 
0x0212	0xD013      	BRA         L_Lcd_Out12
;__Lib_Lcd.c,191 :: 		
L_Lcd_Out16:
0x0214	0x0ED4      	MOVLW       212
0x0216	0x6E5C      	MOVWF       FARG_Lcd_Out_row 
0x0218	0xD010      	BRA         L_Lcd_Out12
;__Lib_Lcd.c,192 :: 		
L_Lcd_Out17:
0x021A	0x0E80      	MOVLW       128
0x021C	0x6E5C      	MOVWF       FARG_Lcd_Out_row 
;__Lib_Lcd.c,193 :: 		
0x021E	0xD00D      	BRA         L_Lcd_Out12
L_Lcd_Out11:
0x0220	0x505C      	MOVF        FARG_Lcd_Out_row, 0 
0x0222	0x0A01      	XORLW       1
0x0224	0xE0EE      	BZ          L_Lcd_Out13
0x0226	0x505C      	MOVF        FARG_Lcd_Out_row, 0 
0x0228	0x0A02      	XORLW       2
0x022A	0xE0EE      	BZ          L_Lcd_Out14
0x022C	0x505C      	MOVF        FARG_Lcd_Out_row, 0 
0x022E	0x0A03      	XORLW       3
0x0230	0xE0EE      	BZ          L_Lcd_Out15
0x0232	0x505C      	MOVF        FARG_Lcd_Out_row, 0 
0x0234	0x0A04      	XORLW       4
0x0236	0xE0EE      	BZ          L_Lcd_Out16
0x0238	0xD7F0      	BRA         L_Lcd_Out17
L_Lcd_Out12:
;__Lib_Lcd.c,194 :: 		
0x023A	0x045D      	DECF        FARG_Lcd_Out_column, 0 
0x023C	0x6E00      	MOVWF       R0 
0x023E	0x505C      	MOVF        FARG_Lcd_Out_row, 0 
0x0240	0x2600      	ADDWF       R0, 1 
0x0242	0xF05CC000  	MOVFF       R0, FARG_Lcd_Out_row
;__Lib_Lcd.c,196 :: 		
0x0246	0xF063C000  	MOVFF       R0, FARG_Lcd_Cmd_out_char
0x024A	0xDEFB      	RCALL       _Lcd_Cmd
;__Lib_Lcd.c,197 :: 		
0x024C	0x904B      	BCF         __Lib_Lcd_cmd_status, BitPos(__Lib_Lcd_cmd_status+0) 
;__Lib_Lcd.c,198 :: 		
0x024E	0x6A60      	CLRF        Lcd_Out_i_L0 
;__Lib_Lcd.c,199 :: 		
L_Lcd_Out18:
0x0250	0x5060      	MOVF        Lcd_Out_i_L0, 0 
0x0252	0x245E      	ADDWF       FARG_Lcd_Out_text, 0 
0x0254	0x6EE9      	MOVWF       FSR0L 
0x0256	0x0E00      	MOVLW       0
0x0258	0x205F      	ADDWFC      FARG_Lcd_Out_text+1, 0 
0x025A	0x6EEA      	MOVWF       FSR0L+1 
0x025C	0x52EE      	MOVF        POSTINC0, 1 
0x025E	0xE00B      	BZ          L_Lcd_Out19
;__Lib_Lcd.c,200 :: 		
0x0260	0x5060      	MOVF        Lcd_Out_i_L0, 0 
0x0262	0x245E      	ADDWF       FARG_Lcd_Out_text, 0 
0x0264	0x6EE9      	MOVWF       FSR0L 
0x0266	0x0E00      	MOVLW       0
0x0268	0x205F      	ADDWFC      FARG_Lcd_Out_text+1, 0 
0x026A	0x6EEA      	MOVWF       FSR0L+1 
0x026C	0xF062CFEE  	MOVFF       POSTINC0, FARG_Lcd_Chr_CP_out_char
0x0270	0xDF26      	RCALL       _Lcd_Chr_CP
0x0272	0x2A60      	INCF        Lcd_Out_i_L0, 1 
0x0274	0xD7ED      	BRA         L_Lcd_Out18
L_Lcd_Out19:
;__Lib_Lcd.c,201 :: 		
0x0276	0x804B      	BSF         __Lib_Lcd_cmd_status, BitPos(__Lib_Lcd_cmd_status+0) 
;__Lib_Lcd.c,202 :: 		
L_end_Lcd_Out:
0x0278	0x0012      	RETURN      0
; end of _Lcd_Out
_main:
0x027A	0xF002EC4B  	CALL        1174, 0
;LCD_Project.c,27 :: 		void main() {
;LCD_Project.c,28 :: 		char s=0;
0x027E	0x6A59      	CLRF        main_s_L0 
0x0280	0x6A5A      	CLRF        main_m_L0 
0x0282	0x6A5B      	CLRF        main_h_L0 
;LCD_Project.c,34 :: 		TRISD = 0;
0x0284	0x6A95      	CLRF        TRISD 
;LCD_Project.c,35 :: 		TRISC = 0;
0x0286	0x6A94      	CLRF        TRISC 
;LCD_Project.c,36 :: 		TRISB = 7;
0x0288	0x0E07      	MOVLW       7
0x028A	0x6E93      	MOVWF       TRISB 
;LCD_Project.c,37 :: 		Lcd_Init();                        // Initialize LCD
0x028C	0xDF2D      	RCALL       _Lcd_Init
;LCD_Project.c,39 :: 		Lcd_Cmd(_LCD_CLEAR);               // Clear display
0x028E	0x0E01      	MOVLW       1
0x0290	0x6E63      	MOVWF       FARG_Lcd_Cmd_out_char 
0x0292	0xDED7      	RCALL       _Lcd_Cmd
;LCD_Project.c,40 :: 		Lcd_Cmd(_LCD_CURSOR_OFF);          // Cursor off
0x0294	0x0E0C      	MOVLW       12
0x0296	0x6E63      	MOVWF       FARG_Lcd_Cmd_out_char 
0x0298	0xDED4      	RCALL       _Lcd_Cmd
;LCD_Project.c,42 :: 		Lcd_Out(1,5,"Hr");
0x029A	0x0E01      	MOVLW       1
0x029C	0x6E5C      	MOVWF       FARG_Lcd_Out_row 
0x029E	0x0E05      	MOVLW       5
0x02A0	0x6E5D      	MOVWF       FARG_Lcd_Out_column 
0x02A2	0x0E37      	MOVLW       ?lstr1_LCD_Project
0x02A4	0x6E5E      	MOVWF       FARG_Lcd_Out_text 
0x02A6	0x0E00      	MOVLW       hi_addr(?lstr1_LCD_Project)
0x02A8	0x6E5F      	MOVWF       FARG_Lcd_Out_text+1 
0x02AA	0xDFAA      	RCALL       _Lcd_Out
;LCD_Project.c,43 :: 		Lcd_Out(1,7,":");
0x02AC	0x0E01      	MOVLW       1
0x02AE	0x6E5C      	MOVWF       FARG_Lcd_Out_row 
0x02B0	0x0E07      	MOVLW       7
0x02B2	0x6E5D      	MOVWF       FARG_Lcd_Out_column 
0x02B4	0x0E35      	MOVLW       ?lstr2_LCD_Project
0x02B6	0x6E5E      	MOVWF       FARG_Lcd_Out_text 
0x02B8	0x0E00      	MOVLW       hi_addr(?lstr2_LCD_Project)
0x02BA	0x6E5F      	MOVWF       FARG_Lcd_Out_text+1 
0x02BC	0xDFA1      	RCALL       _Lcd_Out
;LCD_Project.c,44 :: 		Lcd_Out(1,8,"Min");
0x02BE	0x0E01      	MOVLW       1
0x02C0	0x6E5C      	MOVWF       FARG_Lcd_Out_row 
0x02C2	0x0E08      	MOVLW       8
0x02C4	0x6E5D      	MOVWF       FARG_Lcd_Out_column 
0x02C6	0x0E3C      	MOVLW       ?lstr3_LCD_Project
0x02C8	0x6E5E      	MOVWF       FARG_Lcd_Out_text 
0x02CA	0x0E00      	MOVLW       hi_addr(?lstr3_LCD_Project)
0x02CC	0x6E5F      	MOVWF       FARG_Lcd_Out_text+1 
0x02CE	0xDF98      	RCALL       _Lcd_Out
;LCD_Project.c,45 :: 		Lcd_Out(1,11,":");
0x02D0	0x0E01      	MOVLW       1
0x02D2	0x6E5C      	MOVWF       FARG_Lcd_Out_row 
0x02D4	0x0E0B      	MOVLW       11
0x02D6	0x6E5D      	MOVWF       FARG_Lcd_Out_column 
0x02D8	0x0E3A      	MOVLW       ?lstr4_LCD_Project
0x02DA	0x6E5E      	MOVWF       FARG_Lcd_Out_text 
0x02DC	0x0E00      	MOVLW       hi_addr(?lstr4_LCD_Project)
0x02DE	0x6E5F      	MOVWF       FARG_Lcd_Out_text+1 
0x02E0	0xDF8F      	RCALL       _Lcd_Out
;LCD_Project.c,46 :: 		Lcd_Out(1,12,"Sec");
0x02E2	0x0E01      	MOVLW       1
0x02E4	0x6E5C      	MOVWF       FARG_Lcd_Out_row 
0x02E6	0x0E0C      	MOVLW       12
0x02E8	0x6E5D      	MOVWF       FARG_Lcd_Out_column 
0x02EA	0x0E42      	MOVLW       ?lstr5_LCD_Project
0x02EC	0x6E5E      	MOVWF       FARG_Lcd_Out_text 
0x02EE	0x0E00      	MOVLW       hi_addr(?lstr5_LCD_Project)
0x02F0	0x6E5F      	MOVWF       FARG_Lcd_Out_text+1 
0x02F2	0xDF86      	RCALL       _Lcd_Out
;LCD_Project.c,47 :: 		Lcd_Out(2,7,":");
0x02F4	0x0E02      	MOVLW       2
0x02F6	0x6E5C      	MOVWF       FARG_Lcd_Out_row 
0x02F8	0x0E07      	MOVLW       7
0x02FA	0x6E5D      	MOVWF       FARG_Lcd_Out_column 
0x02FC	0x0E46      	MOVLW       ?lstr6_LCD_Project
0x02FE	0x6E5E      	MOVWF       FARG_Lcd_Out_text 
0x0300	0x0E00      	MOVLW       hi_addr(?lstr6_LCD_Project)
0x0302	0x6E5F      	MOVWF       FARG_Lcd_Out_text+1 
0x0304	0xDF7D      	RCALL       _Lcd_Out
;LCD_Project.c,48 :: 		Lcd_Out(2,11,":");
0x0306	0x0E02      	MOVLW       2
0x0308	0x6E5C      	MOVWF       FARG_Lcd_Out_row 
0x030A	0x0E0B      	MOVLW       11
0x030C	0x6E5D      	MOVWF       FARG_Lcd_Out_column 
0x030E	0x0E40      	MOVLW       ?lstr7_LCD_Project
0x0310	0x6E5E      	MOVWF       FARG_Lcd_Out_text 
0x0312	0x0E00      	MOVLW       hi_addr(?lstr7_LCD_Project)
0x0314	0x6E5F      	MOVWF       FARG_Lcd_Out_text+1 
0x0316	0xDF74      	RCALL       _Lcd_Out
;LCD_Project.c,49 :: 		start:
___main_start:
;LCD_Project.c,50 :: 		if(s>59){s=0 ; m=m+1;}
0x0318	0x5059      	MOVF        main_s_L0, 0 
0x031A	0x083B      	SUBLW       59
0x031C	0xE202      	BC          L_main0
0x031E	0x6A59      	CLRF        main_s_L0 
0x0320	0x2A5A      	INCF        main_m_L0, 1 
L_main0:
;LCD_Project.c,51 :: 		while(1)
L_main1:
;LCD_Project.c,53 :: 		s=s+1;
0x0322	0x2A59      	INCF        main_s_L0, 1 
;LCD_Project.c,54 :: 		if(portb.b0==1){}
0x0324	0xA081      	BTFSS       PORTB, 0 
0x0326	0xD000      	BRA         L_main3
L_main3:
;LCD_Project.c,55 :: 		if(s>59){s=0 ; m=m+1;}
0x0328	0x5059      	MOVF        main_s_L0, 0 
0x032A	0x083B      	SUBLW       59
0x032C	0xE202      	BC          L_main4
0x032E	0x6A59      	CLRF        main_s_L0 
0x0330	0x2A5A      	INCF        main_m_L0, 1 
L_main4:
;LCD_Project.c,56 :: 		if(m>59){m=0 ; h=h+1;}
0x0332	0x505A      	MOVF        main_m_L0, 0 
0x0334	0x083B      	SUBLW       59
0x0336	0xE202      	BC          L_main5
0x0338	0x6A5A      	CLRF        main_m_L0 
0x033A	0x2A5B      	INCF        main_h_L0, 1 
L_main5:
;LCD_Project.c,57 :: 		if(h>23){h=0 ;}
0x033C	0x505B      	MOVF        main_h_L0, 0 
0x033E	0x0817      	SUBLW       23
0x0340	0xA0D8      	BTFSS       STATUS, 0 
0x0342	0x6A5B      	CLRF        main_h_L0 
L_main6:
;LCD_Project.c,58 :: 		bytetostr(s ,sec);
0x0344	0xF05CC059  	MOVFF       main_s_L0, FARG_ByteToStr_input
0x0348	0x0E4D      	MOVLW       main_sec_L0
0x034A	0x6E5D      	MOVWF       FARG_ByteToStr_output 
0x034C	0x0E00      	MOVLW       hi_addr(main_sec_L0)
0x034E	0x6E5E      	MOVWF       FARG_ByteToStr_output+1 
0x0350	0xDF1E      	RCALL       _ByteToStr
;LCD_Project.c,59 :: 		bytetostr(m ,min);
0x0352	0xF05CC05A  	MOVFF       main_m_L0, FARG_ByteToStr_input
0x0356	0x0E51      	MOVLW       main_min_L0
0x0358	0x6E5D      	MOVWF       FARG_ByteToStr_output 
0x035A	0x0E00      	MOVLW       hi_addr(main_min_L0)
0x035C	0x6E5E      	MOVWF       FARG_ByteToStr_output+1 
0x035E	0xDF17      	RCALL       _ByteToStr
;LCD_Project.c,60 :: 		bytetostr(h ,hr);
0x0360	0xF05CC05B  	MOVFF       main_h_L0, FARG_ByteToStr_input
0x0364	0x0E55      	MOVLW       main_hr_L0
0x0366	0x6E5D      	MOVWF       FARG_ByteToStr_output 
0x0368	0x0E00      	MOVLW       hi_addr(main_hr_L0)
0x036A	0x6E5E      	MOVWF       FARG_ByteToStr_output+1 
0x036C	0xDF10      	RCALL       _ByteToStr
;LCD_Project.c,61 :: 		if(portb.b0==1){goto adj;}
0x036E	0xA081      	BTFSS       PORTB, 0 
0x0370	0xD001      	BRA         L_main7
0x0372	0xD028      	BRA         ___main_adj
L_main7:
;LCD_Project.c,62 :: 		Lcd_Out(2,3,hr);
0x0374	0x0E02      	MOVLW       2
0x0376	0x6E5C      	MOVWF       FARG_Lcd_Out_row 
0x0378	0x0E03      	MOVLW       3
0x037A	0x6E5D      	MOVWF       FARG_Lcd_Out_column 
0x037C	0x0E55      	MOVLW       main_hr_L0
0x037E	0x6E5E      	MOVWF       FARG_Lcd_Out_text 
0x0380	0x0E00      	MOVLW       hi_addr(main_hr_L0)
0x0382	0x6E5F      	MOVWF       FARG_Lcd_Out_text+1 
0x0384	0xDF3D      	RCALL       _Lcd_Out
;LCD_Project.c,63 :: 		Lcd_Out(2,8,min);
0x0386	0x0E02      	MOVLW       2
0x0388	0x6E5C      	MOVWF       FARG_Lcd_Out_row 
0x038A	0x0E08      	MOVLW       8
0x038C	0x6E5D      	MOVWF       FARG_Lcd_Out_column 
0x038E	0x0E51      	MOVLW       main_min_L0
0x0390	0x6E5E      	MOVWF       FARG_Lcd_Out_text 
0x0392	0x0E00      	MOVLW       hi_addr(main_min_L0)
0x0394	0x6E5F      	MOVWF       FARG_Lcd_Out_text+1 
0x0396	0xDF34      	RCALL       _Lcd_Out
;LCD_Project.c,64 :: 		Lcd_Out(2,12,sec);
0x0398	0x0E02      	MOVLW       2
0x039A	0x6E5C      	MOVWF       FARG_Lcd_Out_row 
0x039C	0x0E0C      	MOVLW       12
0x039E	0x6E5D      	MOVWF       FARG_Lcd_Out_column 
0x03A0	0x0E4D      	MOVLW       main_sec_L0
0x03A2	0x6E5E      	MOVWF       FARG_Lcd_Out_text 
0x03A4	0x0E00      	MOVLW       hi_addr(main_sec_L0)
0x03A6	0x6E5F      	MOVWF       FARG_Lcd_Out_text+1 
0x03A8	0xDF2B      	RCALL       _Lcd_Out
;LCD_Project.c,66 :: 		delay_ms(400);
0x03AA	0x0E05      	MOVLW       5
0x03AC	0x6E0B      	MOVWF       R11, 0
0x03AE	0x0E0F      	MOVLW       15
0x03B0	0x6E0C      	MOVWF       R12, 0
0x03B2	0x0EF1      	MOVLW       241
0x03B4	0x6E0D      	MOVWF       R13, 0
L_main8:
0x03B6	0x2E0D      	DECFSZ      R13, 1, 0
0x03B8	0xD7FE      	BRA         L_main8
0x03BA	0x2E0C      	DECFSZ      R12, 1, 0
0x03BC	0xD7FC      	BRA         L_main8
0x03BE	0x2E0B      	DECFSZ      R11, 1, 0
0x03C0	0xD7FA      	BRA         L_main8
;LCD_Project.c,67 :: 		}
0x03C2	0xD7AF      	BRA         L_main1
;LCD_Project.c,68 :: 		while(1)
L_main9:
;LCD_Project.c,70 :: 		adj:
___main_adj:
;LCD_Project.c,71 :: 		if(portb.b1==1){m = m+1;}
0x03C4	0xB281      	BTFSC       PORTB, 1 
0x03C6	0x2A5A      	INCF        main_m_L0, 1 
L_main11:
;LCD_Project.c,72 :: 		if(portb.b2==1){h = h+1;}
0x03C8	0xB481      	BTFSC       PORTB, 2 
0x03CA	0x2A5B      	INCF        main_h_L0, 1 
L_main12:
;LCD_Project.c,73 :: 		if(m>59){m=0 ; h=h+1;}
0x03CC	0x505A      	MOVF        main_m_L0, 0 
0x03CE	0x083B      	SUBLW       59
0x03D0	0xE202      	BC          L_main13
0x03D2	0x6A5A      	CLRF        main_m_L0 
0x03D4	0x2A5B      	INCF        main_h_L0, 1 
L_main13:
;LCD_Project.c,74 :: 		if(h>23){h=0 ;}
0x03D6	0x505B      	MOVF        main_h_L0, 0 
0x03D8	0x0817      	SUBLW       23
0x03DA	0xA0D8      	BTFSS       STATUS, 0 
0x03DC	0x6A5B      	CLRF        main_h_L0 
L_main14:
;LCD_Project.c,75 :: 		bytetostr(s ,sec);
0x03DE	0xF05CC059  	MOVFF       main_s_L0, FARG_ByteToStr_input
0x03E2	0x0E4D      	MOVLW       main_sec_L0
0x03E4	0x6E5D      	MOVWF       FARG_ByteToStr_output 
0x03E6	0x0E00      	MOVLW       hi_addr(main_sec_L0)
0x03E8	0x6E5E      	MOVWF       FARG_ByteToStr_output+1 
0x03EA	0xDED1      	RCALL       _ByteToStr
;LCD_Project.c,76 :: 		bytetostr(m ,min);
0x03EC	0xF05CC05A  	MOVFF       main_m_L0, FARG_ByteToStr_input
0x03F0	0x0E51      	MOVLW       main_min_L0
0x03F2	0x6E5D      	MOVWF       FARG_ByteToStr_output 
0x03F4	0x0E00      	MOVLW       hi_addr(main_min_L0)
0x03F6	0x6E5E      	MOVWF       FARG_ByteToStr_output+1 
0x03F8	0xDECA      	RCALL       _ByteToStr
;LCD_Project.c,77 :: 		bytetostr(h ,hr);
0x03FA	0xF05CC05B  	MOVFF       main_h_L0, FARG_ByteToStr_input
0x03FE	0x0E55      	MOVLW       main_hr_L0
0x0400	0x6E5D      	MOVWF       FARG_ByteToStr_output 
0x0402	0x0E00      	MOVLW       hi_addr(main_hr_L0)
0x0404	0x6E5E      	MOVWF       FARG_ByteToStr_output+1 
0x0406	0xDEC3      	RCALL       _ByteToStr
;LCD_Project.c,78 :: 		Lcd_Out(2,3,hr);
0x0408	0x0E02      	MOVLW       2
0x040A	0x6E5C      	MOVWF       FARG_Lcd_Out_row 
0x040C	0x0E03      	MOVLW       3
0x040E	0x6E5D      	MOVWF       FARG_Lcd_Out_column 
0x0410	0x0E55      	MOVLW       main_hr_L0
0x0412	0x6E5E      	MOVWF       FARG_Lcd_Out_text 
0x0414	0x0E00      	MOVLW       hi_addr(main_hr_L0)
0x0416	0x6E5F      	MOVWF       FARG_Lcd_Out_text+1 
0x0418	0xDEF3      	RCALL       _Lcd_Out
;LCD_Project.c,79 :: 		Lcd_Out(2,8,min);
0x041A	0x0E02      	MOVLW       2
0x041C	0x6E5C      	MOVWF       FARG_Lcd_Out_row 
0x041E	0x0E08      	MOVLW       8
0x0420	0x6E5D      	MOVWF       FARG_Lcd_Out_column 
0x0422	0x0E51      	MOVLW       main_min_L0
0x0424	0x6E5E      	MOVWF       FARG_Lcd_Out_text 
0x0426	0x0E00      	MOVLW       hi_addr(main_min_L0)
0x0428	0x6E5F      	MOVWF       FARG_Lcd_Out_text+1 
0x042A	0xDEEA      	RCALL       _Lcd_Out
;LCD_Project.c,80 :: 		Lcd_Out(2,12,sec);
0x042C	0x0E02      	MOVLW       2
0x042E	0x6E5C      	MOVWF       FARG_Lcd_Out_row 
0x0430	0x0E0C      	MOVLW       12
0x0432	0x6E5D      	MOVWF       FARG_Lcd_Out_column 
0x0434	0x0E4D      	MOVLW       main_sec_L0
0x0436	0x6E5E      	MOVWF       FARG_Lcd_Out_text 
0x0438	0x0E00      	MOVLW       hi_addr(main_sec_L0)
0x043A	0x6E5F      	MOVWF       FARG_Lcd_Out_text+1 
0x043C	0xDEE1      	RCALL       _Lcd_Out
;LCD_Project.c,81 :: 		delay_ms(100);
0x043E	0x0E02      	MOVLW       2
0x0440	0x6E0B      	MOVWF       R11, 0
0x0442	0x0E04      	MOVLW       4
0x0444	0x6E0C      	MOVWF       R12, 0
0x0446	0x0EBA      	MOVLW       186
0x0448	0x6E0D      	MOVWF       R13, 0
L_main15:
0x044A	0x2E0D      	DECFSZ      R13, 1, 0
0x044C	0xD7FE      	BRA         L_main15
0x044E	0x2E0C      	DECFSZ      R12, 1, 0
0x0450	0xD7FC      	BRA         L_main15
0x0452	0x2E0B      	DECFSZ      R11, 1, 0
0x0454	0xD7FA      	BRA         L_main15
0x0456	0x0000      	NOP
;LCD_Project.c,82 :: 		if(portb.b0==0){goto start;}
0x0458	0xB081      	BTFSC       PORTB, 0 
0x045A	0xD001      	BRA         L_main16
0x045C	0xD75D      	BRA         ___main_start
L_main16:
;LCD_Project.c,83 :: 		}
0x045E	0xD7B2      	BRA         L_main9
;LCD_Project.c,84 :: 		}
L_end_main:
0x0460	0xD7FF      	BRA         $+0
; end of _main
0x0496	0xF015EE10  	LFSR        1, 21
0x049A	0x0E33      	MOVLW       51
0x049C	0x6E00      	MOVWF       R0 
0x049E	0x0E01      	MOVLW       1
0x04A0	0x6E01      	MOVWF       R1 
0x04A2	0x0E62      	MOVLW       98
0x04A4	0x6EF6      	MOVWF       TBLPTR 
0x04A6	0x0E04      	MOVLW       4
0x04A8	0x6EF7      	MOVWF       TBLPTRH 
0x04AA	0x0E00      	MOVLW       0
0x04AC	0x6EF8      	MOVWF       TBLPTRU 
0x04AE	0xF000ECBF  	CALL        382, 0
0x04B2	0x0012      	RETURN      0
;__Lib_FT5XX6.c,0 :: ?ICS__Lib_FT5XX6_OrientPrototype0
0x0462	0x004C ;?ICS__Lib_FT5XX6_OrientPrototype0+0
0x0464	0x0049 ;?ICS__Lib_FT5XX6_OrientPrototype0+2
0x0466	0x004A ;?ICS__Lib_FT5XX6_OrientPrototype0+4
0x0468	0x0048 ;?ICS__Lib_FT5XX6_OrientPrototype0+6
; end of ?ICS__Lib_FT5XX6_OrientPrototype0
;__Lib_FT5XX6.c,0 :: ?ICS__Lib_FT5XX6_OrientPrototype3
0x046A	0x0049 ;?ICS__Lib_FT5XX6_OrientPrototype3+0
0x046C	0x004A ;?ICS__Lib_FT5XX6_OrientPrototype3+2
0x046E	0x0048 ;?ICS__Lib_FT5XX6_OrientPrototype3+4
0x0470	0x004C ;?ICS__Lib_FT5XX6_OrientPrototype3+6
; end of ?ICS__Lib_FT5XX6_OrientPrototype3
;__Lib_FT5XX6.c,0 :: ?ICS__Lib_FT5XX6_OrientPrototype1
0x0472	0x0048 ;?ICS__Lib_FT5XX6_OrientPrototype1+0
0x0474	0x004C ;?ICS__Lib_FT5XX6_OrientPrototype1+2
0x0476	0x0049 ;?ICS__Lib_FT5XX6_OrientPrototype1+4
0x0478	0x004A ;?ICS__Lib_FT5XX6_OrientPrototype1+6
; end of ?ICS__Lib_FT5XX6_OrientPrototype1
;__Lib_FT5XX6.c,0 :: ?ICS__Lib_FT5XX6_OrientPrototype2
0x047A	0x004A ;?ICS__Lib_FT5XX6_OrientPrototype2+0
0x047C	0x0048 ;?ICS__Lib_FT5XX6_OrientPrototype2+2
0x047E	0x004C ;?ICS__Lib_FT5XX6_OrientPrototype2+4
0x0480	0x0049 ;?ICS__Lib_FT5XX6_OrientPrototype2+6
; end of ?ICS__Lib_FT5XX6_OrientPrototype2
;LCD_Project.c,0 :: ?ICS?lstr2_LCD_Project
0x0482	0x003A ;?ICS?lstr2_LCD_Project+0
; end of ?ICS?lstr2_LCD_Project
;LCD_Project.c,0 :: ?ICS?lstr1_LCD_Project
0x0484	0x7248 ;?ICS?lstr1_LCD_Project+0
0x0486	0x00 ;?ICS?lstr1_LCD_Project+2
; end of ?ICS?lstr1_LCD_Project
;LCD_Project.c,0 :: ?ICS?lstr4_LCD_Project
0x0487	0x003A ;?ICS?lstr4_LCD_Project+0
; end of ?ICS?lstr4_LCD_Project
;LCD_Project.c,0 :: ?ICS?lstr3_LCD_Project
0x0489	0x694D ;?ICS?lstr3_LCD_Project+0
0x048B	0x006E ;?ICS?lstr3_LCD_Project+2
; end of ?ICS?lstr3_LCD_Project
;LCD_Project.c,0 :: ?ICS?lstr7_LCD_Project
0x048D	0x003A ;?ICS?lstr7_LCD_Project+0
; end of ?ICS?lstr7_LCD_Project
;LCD_Project.c,0 :: ?ICS?lstr5_LCD_Project
0x048F	0x6553 ;?ICS?lstr5_LCD_Project+0
0x0491	0x0063 ;?ICS?lstr5_LCD_Project+2
; end of ?ICS?lstr5_LCD_Project
;LCD_Project.c,0 :: ?ICS?lstr6_LCD_Project
0x0493	0x003A ;?ICS?lstr6_LCD_Project+0
; end of ?ICS?lstr6_LCD_Project
Symbol List:
//** Routines locations **
//ADDRESS    SIZE    PROCEDURE
//----------------------------------------------
0x001C      [22]    _Delay_5500us
0x0032      [10]    _Delay_50us
0x003C       [6]    _Delay_1us
0x0042     [124]    _Lcd_Cmd
0x00BE      [12]    _Lcd_Chr_CP
0x00CA      [30]    _Div_8X8_U
0x00E8     [150]    _Lcd_Init
0x017E      [16]    ___CC2DW
0x018E     [114]    _ByteToStr
0x0200     [122]    _Lcd_Out
0x027A     [488]    _main
//** Variables locations ** 
//ADDRESS    SIZE    VARIABLE
//----------------------------------------------
0x0000       [1]    UART1_Init_tmp_L0
0x0000       [1]    FLASH_Erase_64_SaveINTCON_L0
0x0000       [1]    R0
0x0000       [1]    EEPROM_Write_SaveINTCON_L0
0x0000       [1]    __Lib_SoftI2C_PutZerosToLATSda_temp_sda_L0
0x0000       [1]    __Lib_SoftI2C_PutZerosToLATScl_temp_scl_L0
0x0000       [1]    SPI1_Write_tmp_L0
0x0001       [1]    __Lib_PS2_Wait_Falling_nsample_L0
0x0001       [1]    __Lib_Conversions_Adjust_Hex_tmp_L0
0x0001       [1]    UART1_Read___tmp_UART1_Read_L0
0x0001       [1]    FLASH_Erase_Write_64_i_L0
0x0001       [1]    FLASH_Write_8_i_L0
0x0001       [1]    __Lib_TFT_JPEG_FileReadBytes_Result_L0
0x0001       [1]    __Lib_TFT_16bit_JPEG_FileRead_i_L0
0x0001       [1]    __Lib_TFT_16bit_JPEG_FileReadBytes_Result_L0
0x0001       [1]    __Lib_TFT_JPEG_FileRead_i_L0
0x0001       [1]    ispunct_rslt_L0
0x0001       [1]    R1
0x0001       [2]    FLASH_Read_N_Bytes_i_L0
0x0002       [1]    R2
0x0002       [1]    FLASH_Write_8_SaveINTCON_L0
0x0002       [2]    memset_pp_L0
0x0002       [2]    strlen_cp_L0
0x0002       [1]    FLASH_Erase_Write_64_j_L0
0x0002       [2]    memcpy_dd_L0
0x0002       [2]    FT5XX6_GetGestureIndex_i_L0
0x0002       [2]    memchr_s_L0
0x0003       [1]    __Lib_Sprinti_?FLOC____Lib_Sprinti_Do_FillT29
0x0003       [2]    Ltrim_original_L0
0x0003       [2]    __Lib_MmcFat16_f16_toInt_l_L0
0x0003       [1]    FLASH_Erase_Write_64_SaveINTCON_L0
0x0003       [2]    MM_TotalFreeMemSize_Tot_L0
0x0003       [2]    memmove_tt_L0
0x0003       [1]    R3
0x0003       [1]    MM_Init_i_L0
0x0004       [2]    frexp_pom_L0
0x0004       [1]    __Lib_Sprinti_?FLOC____Lib_Sprinti_Do_FillT40
0x0004       [2]    memcpy_ss_L0
0x0004       [2]    strncpy_cp_L0
0x0004       [2]    strcpy_cp_L0
0x0004       [1]    R4
0x0004       [2]    strcat_cp_L0
0x0004       [2]    __Lib_MemManager_MM_GetMemAlign_P_L0
0x0004       [2]    strncat_cp_L0
0x0005       [1]    R5
0x0005       [2]    LongWordToHex_input_half_L0
0x0005       [2]    Ltrim_p_L0
0x0005       [2]    memmove_ff_L0
0x0005       [1]    __Lib_Sprinti_?FLOC____Lib_Sprinti_Do_FillT54
0x0005       [1]    MM_TotalFreeMemSize_i_L0
0x0005       [2]    LongIntToHex_input_half_L0
0x0006       [1]    __Lib_Sprinti_?FLOC____Lib_Sprinti_Do_FillT69
0x0006       [1]    R6
0x0006       [1]    __Lib_MemManager_MM_GetMemAlign_i_L0
0x0007       [1]    __Lib_TFT_JPEG_GenerateHuffmanTables_bLength_L0
0x0007       [1]    __Lib_TFT_16bit_JPEG_GenerateHuffmanTables_bLength_L0
0x0007       [1]    R7
0x0008       [1]    __Lib_TFT_JPEG_GenerateHuffmanTables_bTable_L0
0x0008       [1]    __Lib_TFT_16bit_JPEG_GenerateHuffmanTables_bTable_L0
0x0008       [1]    R8
0x0009       [1]    R9
0x0009       [4]    __Lib_MmcFat16_f16_toLong_l_L0
0x000A       [1]    R10
0x000B       [1]    R11
0x000C       [1]    R12
0x000D       [1]    R13
0x000E       [1]    R14
0x000F       [1]    R15
0x0010       [1]    R16
0x0011       [1]    R17
0x0012       [1]    R18
0x0013       [1]    R19
0x0014       [1]    R20
0x0015       [8]    __Lib_FT5XX6_OrientPrototype0
0x001D       [8]    __Lib_FT5XX6_OrientPrototype3
0x0025       [8]    __Lib_FT5XX6_OrientPrototype1
0x002D       [8]    __Lib_FT5XX6_OrientPrototype2
0x0035       [2]    ?lstr2_LCD_Project
0x0037       [3]    ?lstr1_LCD_Project
0x003A       [2]    ?lstr4_LCD_Project
0x003C       [4]    ?lstr3_LCD_Project
0x0040       [2]    ?lstr7_LCD_Project
0x0042       [4]    ?lstr5_LCD_Project
0x0046       [2]    ?lstr6_LCD_Project
0x0048       [1]    _ft5xx6_gest_move_left
0x0049       [1]    _ft5xx6_gest_move_right
0x004A       [1]    _ft5xx6_gest_move_down
0x004B       [0]    __Lib_Lcd_cmd_status
0x004C       [1]    _ft5xx6_gest_move_up
0x004D       [4]    main_sec_L0
0x0051       [4]    main_min_L0
0x0055       [4]    main_hr_L0
0x0059       [1]    main_s_L0
0x005A       [1]    main_m_L0
0x005B       [1]    main_h_L0
0x005C       [1]    FARG_Lcd_Out_row
0x005C       [1]    FARG_ByteToStr_input
0x005D       [1]    FARG_Lcd_Out_column
0x005D       [2]    FARG_ByteToStr_output
0x005E       [2]    FARG_Lcd_Out_text
0x005F       [1]    ByteToStr_DigitPos_L0
0x0060       [2]    FLOC__ByteToStr
0x0060       [1]    Lcd_Out_i_L0
0x0062       [1]    FARG_Lcd_Chr_CP_out_char
0x0063       [1]    FARG_Lcd_Cmd_out_char
0x0F81       [1]    PORTB
0x0F82       [0]    RC7_bit
0x0F82       [0]    RC6_bit
0x0F82       [0]    LCD_D7
0x0F82       [0]    LCD_D4
0x0F82       [0]    RC5_bit
0x0F82       [0]    RC4_bit
0x0F82       [0]    LCD_D6
0x0F82       [0]    LCD_D5
0x0F83       [0]    LCD_RS
0x0F83       [0]    LCD_EN
0x0F83       [0]    RD2_bit
0x0F83       [0]    RD0_bit
0x0F93       [1]    TRISB
0x0F94       [0]    LCD_D5_Direction
0x0F94       [0]    TRISC4_bit
0x0F94       [0]    LCD_D7_Direction
0x0F94       [0]    LCD_D6_Direction
0x0F94       [1]    TRISC
0x0F94       [0]    TRISC6_bit
0x0F94       [0]    TRISC5_bit
0x0F94       [0]    LCD_D4_Direction
0x0F94       [0]    TRISC7_bit
0x0F95       [1]    TRISD
0x0F95       [0]    LCD_RS_Direction
0x0F95       [0]    LCD_EN_Direction
0x0F95       [0]    TRISD0_bit
0x0F95       [0]    TRISD2_bit
0x0FD8       [1]    STATUS
0x0FD9       [1]    FSR2L
0x0FDA       [1]    FSR2H
0x0FDE       [1]    POSTINC2
0x0FE0       [1]    BSR
0x0FE1       [1]    FSR1L
0x0FE2       [1]    FSR1H
0x0FE4       [1]    PREINC1
0x0FE6       [1]    POSTINC1
0x0FE7       [1]    INDF1
0x0FE8       [1]    WREG
0x0FE9       [1]    FSR0L
0x0FEA       [1]    FSR0H
0x0FEE       [1]    POSTINC0
0x0FF3       [1]    PRODL
0x0FF4       [1]    PRODH
0x0FF5       [1]    TABLAT
0x0FF6       [1]    TBLPTRL
0x0FF6       [3]    TBLPTR
0x0FF7       [1]    TBLPTRH
0x0FF8       [1]    TBLPTRU
//** Constants locations ** 
//ADDRESS    SIZE    CONSTANT
//----------------------------------------------
0x0462       [8]    ?ICS__Lib_FT5XX6_OrientPrototype0
0x046A       [8]    ?ICS__Lib_FT5XX6_OrientPrototype3
0x0472       [8]    ?ICS__Lib_FT5XX6_OrientPrototype1
0x047A       [8]    ?ICS__Lib_FT5XX6_OrientPrototype2
0x0482       [2]    ?ICS?lstr2_LCD_Project
0x0484       [3]    ?ICS?lstr1_LCD_Project
0x0487       [2]    ?ICS?lstr4_LCD_Project
0x0489       [4]    ?ICS?lstr3_LCD_Project
0x048D       [2]    ?ICS?lstr7_LCD_Project
0x048F       [4]    ?ICS?lstr5_LCD_Project
0x0493       [2]    ?ICS?lstr6_LCD_Project
