;  LST file generated by mikroListExporter - v.2.0 
; Date/Time: 1/29/2021 7:23:55 AM
;----------------------------------------------

;Address Opcode 	ASM
0x0000	0xF001EF76  	GOTO        748
0x0004	0x0000      	NOP
0x0006	0x0000      	NOP
0x0008	0xF000EF00  	GOTO        0
0x000C	0x0000      	NOP
0x000E	0x0000      	NOP
0x0010	0x0000      	NOP
0x0012	0x0000      	NOP
0x0014	0x0000      	NOP
0x0016	0x0000      	NOP
0x0018	0xD7F3      	BRA         0
_Delay_5500us:
;__Lib_Delays.c,31 :: 		void Delay_5500us() {
;__Lib_Delays.c,32 :: 		Delay_us(5500);
0x001C	0x0E0F      	MOVLW       15
0x001E	0x6E0C      	MOVWF       R12, 0
0x0020	0x0E47      	MOVLW       71
0x0022	0x6E0D      	MOVWF       R13, 0
L_Delay_5500us5:
0x0024	0x2E0D      	DECFSZ      R13, 1, 0
0x0026	0xD7FE      	BRA         L_Delay_5500us5
0x0028	0x2E0C      	DECFSZ      R12, 1, 0
0x002A	0xD7FC      	BRA         L_Delay_5500us5
0x002C	0x0000      	NOP
0x002E	0x0000      	NOP
;__Lib_Delays.c,33 :: 		}
L_end_Delay_5500us:
0x0030	0x0012      	RETURN      0
; end of _Delay_5500us
_Delay_50us:
;__Lib_Delays.c,19 :: 		void Delay_50us() {
;__Lib_Delays.c,20 :: 		Delay_us(50);
0x0032	0x0E21      	MOVLW       33
0x0034	0x6E0D      	MOVWF       R13, 0
L_Delay_50us2:
0x0036	0x2E0D      	DECFSZ      R13, 1, 0
0x0038	0xD7FE      	BRA         L_Delay_50us2
;__Lib_Delays.c,21 :: 		}
L_end_Delay_50us:
0x003A	0x0012      	RETURN      0
; end of _Delay_50us
_Delay_1us:
;__Lib_Delays.c,7 :: 		void Delay_1us() {
;__Lib_Delays.c,8 :: 		Delay_us(1);
0x003C	0x0000      	NOP
0x003E	0x0000      	NOP
;__Lib_Delays.c,9 :: 		}
L_end_Delay_1us:
0x0040	0x0012      	RETURN      0
; end of _Delay_1us
_Lcd_Cmd:
;__Lib_Lcd.c,18 :: 		
;__Lib_Lcd.c,20 :: 		
0x0042	0xBE40      	BTFSC       FARG_Lcd_Cmd_out_char, 7 
0x0044	0xD002      	BRA         L__Lcd_Cmd21
0x0046	0x9E83      	BCF         LCD_D7, BitPos(LCD_D7+0) 
0x0048	0xD001      	BRA         L__Lcd_Cmd22
L__Lcd_Cmd21:
0x004A	0x8E83      	BSF         LCD_D7, BitPos(LCD_D7+0) 
L__Lcd_Cmd22:
;__Lib_Lcd.c,21 :: 		
0x004C	0xBC40      	BTFSC       FARG_Lcd_Cmd_out_char, 6 
0x004E	0xD002      	BRA         L__Lcd_Cmd23
0x0050	0x9C83      	BCF         LCD_D6, BitPos(LCD_D6+0) 
0x0052	0xD001      	BRA         L__Lcd_Cmd24
L__Lcd_Cmd23:
0x0054	0x8C83      	BSF         LCD_D6, BitPos(LCD_D6+0) 
L__Lcd_Cmd24:
;__Lib_Lcd.c,22 :: 		
0x0056	0xBA40      	BTFSC       FARG_Lcd_Cmd_out_char, 5 
0x0058	0xD002      	BRA         L__Lcd_Cmd25
0x005A	0x9A83      	BCF         LCD_D5, BitPos(LCD_D5+0) 
0x005C	0xD001      	BRA         L__Lcd_Cmd26
L__Lcd_Cmd25:
0x005E	0x8A83      	BSF         LCD_D5, BitPos(LCD_D5+0) 
L__Lcd_Cmd26:
;__Lib_Lcd.c,23 :: 		
0x0060	0xB840      	BTFSC       FARG_Lcd_Cmd_out_char, 4 
0x0062	0xD002      	BRA         L__Lcd_Cmd27
0x0064	0x9883      	BCF         LCD_D4, BitPos(LCD_D4+0) 
0x0066	0xD001      	BRA         L__Lcd_Cmd28
L__Lcd_Cmd27:
0x0068	0x8883      	BSF         LCD_D4, BitPos(LCD_D4+0) 
L__Lcd_Cmd28:
;__Lib_Lcd.c,25 :: 		
0x006A	0xB030      	BTFSC       __Lib_Lcd_cmd_status, BitPos(__Lib_Lcd_cmd_status+0) 
0x006C	0xD002      	BRA         L__Lcd_Cmd29
0x006E	0x8081      	BSF         LCD_RS, BitPos(LCD_RS+0) 
0x0070	0xD001      	BRA         L__Lcd_Cmd30
L__Lcd_Cmd29:
0x0072	0x9081      	BCF         LCD_RS, BitPos(LCD_RS+0) 
L__Lcd_Cmd30:
;__Lib_Lcd.c,28 :: 		
0x0074	0x8481      	BSF         LCD_EN, BitPos(LCD_EN+0) 
;__Lib_Lcd.c,29 :: 		
0x0076	0xDFE2      	RCALL       _Delay_1us
;__Lib_Lcd.c,30 :: 		
0x0078	0x9481      	BCF         LCD_EN, BitPos(LCD_EN+0) 
;__Lib_Lcd.c,33 :: 		
0x007A	0xB640      	BTFSC       FARG_Lcd_Cmd_out_char, 3 
0x007C	0xD002      	BRA         L__Lcd_Cmd31
0x007E	0x9E83      	BCF         LCD_D7, BitPos(LCD_D7+0) 
0x0080	0xD001      	BRA         L__Lcd_Cmd32
L__Lcd_Cmd31:
0x0082	0x8E83      	BSF         LCD_D7, BitPos(LCD_D7+0) 
L__Lcd_Cmd32:
;__Lib_Lcd.c,34 :: 		
0x0084	0xB440      	BTFSC       FARG_Lcd_Cmd_out_char, 2 
0x0086	0xD002      	BRA         L__Lcd_Cmd33
0x0088	0x9C83      	BCF         LCD_D6, BitPos(LCD_D6+0) 
0x008A	0xD001      	BRA         L__Lcd_Cmd34
L__Lcd_Cmd33:
0x008C	0x8C83      	BSF         LCD_D6, BitPos(LCD_D6+0) 
L__Lcd_Cmd34:
;__Lib_Lcd.c,35 :: 		
0x008E	0xB240      	BTFSC       FARG_Lcd_Cmd_out_char, 1 
0x0090	0xD002      	BRA         L__Lcd_Cmd35
0x0092	0x9A83      	BCF         LCD_D5, BitPos(LCD_D5+0) 
0x0094	0xD001      	BRA         L__Lcd_Cmd36
L__Lcd_Cmd35:
0x0096	0x8A83      	BSF         LCD_D5, BitPos(LCD_D5+0) 
L__Lcd_Cmd36:
;__Lib_Lcd.c,36 :: 		
0x0098	0xB040      	BTFSC       FARG_Lcd_Cmd_out_char, 0 
0x009A	0xD002      	BRA         L__Lcd_Cmd37
0x009C	0x9883      	BCF         LCD_D4, BitPos(LCD_D4+0) 
0x009E	0xD001      	BRA         L__Lcd_Cmd38
L__Lcd_Cmd37:
0x00A0	0x8883      	BSF         LCD_D4, BitPos(LCD_D4+0) 
L__Lcd_Cmd38:
;__Lib_Lcd.c,38 :: 		
0x00A2	0xB030      	BTFSC       __Lib_Lcd_cmd_status, BitPos(__Lib_Lcd_cmd_status+0) 
0x00A4	0xD002      	BRA         L__Lcd_Cmd39
0x00A6	0x8081      	BSF         LCD_RS, BitPos(LCD_RS+0) 
0x00A8	0xD001      	BRA         L__Lcd_Cmd40
L__Lcd_Cmd39:
0x00AA	0x9081      	BCF         LCD_RS, BitPos(LCD_RS+0) 
L__Lcd_Cmd40:
;__Lib_Lcd.c,40 :: 		
0x00AC	0x8481      	BSF         LCD_EN, BitPos(LCD_EN+0) 
;__Lib_Lcd.c,41 :: 		
0x00AE	0xDFC6      	RCALL       _Delay_1us
;__Lib_Lcd.c,42 :: 		
0x00B0	0x9481      	BCF         LCD_EN, BitPos(LCD_EN+0) 
;__Lib_Lcd.c,44 :: 		
0x00B2	0xA030      	BTFSS       __Lib_Lcd_cmd_status, BitPos(__Lib_Lcd_cmd_status+0) 
0x00B4	0xD002      	BRA         L_Lcd_Cmd0
;__Lib_Lcd.c,45 :: 		
0x00B6	0xDFB2      	RCALL       _Delay_5500us
0x00B8	0xD001      	BRA         L_Lcd_Cmd1
L_Lcd_Cmd0:
;__Lib_Lcd.c,47 :: 		
0x00BA	0xDFBB      	RCALL       _Delay_50us
L_Lcd_Cmd1:
;__Lib_Lcd.c,48 :: 		
L_end_Lcd_Cmd:
0x00BC	0x0012      	RETURN      0
; end of _Lcd_Cmd
_Div_8X8_U:
;__Lib_Math.c,77 :: 		
;__Lib_Math.c,84 :: 		
0x00BE	0x6A08      	CLRF        R8, 0
;__Lib_Math.c,85 :: 		
0x00C0	0x0E08      	MOVLW       8
;__Lib_Math.c,86 :: 		
0x00C2	0x6E0C      	MOVWF       R12, 0
;__Lib_Math.c,87 :: 		
0x00C4	0x3400      	RLCF        R0, 0, 0
;__Lib_Math.c,88 :: 		
0x00C6	0x3608      	RLCF        R8, 1, 0
;__Lib_Math.c,89 :: 		
0x00C8	0x5004      	MOVF        R4, 0, 0
;__Lib_Math.c,90 :: 		
0x00CA	0x5E08      	SUBWF       R8, 1, 0
;__Lib_Math.c,91 :: 		
0x00CC	0xB0D8      	BTFSC       STATUS, 0, 0
;__Lib_Math.c,92 :: 		
0x00CE	0xD002      	BRA         $+6
;__Lib_Math.c,93 :: 		
0x00D0	0x2608      	ADDWF       R8, 1, 0
;__Lib_Math.c,94 :: 		
0x00D2	0x90D8      	BCF         STATUS, 0, 0
;__Lib_Math.c,95 :: 		
0x00D4	0x3600      	RLCF        R0, 1, 0
;__Lib_Math.c,96 :: 		
0x00D6	0x2E0C      	DECFSZ      R12, 1, 0
;__Lib_Math.c,97 :: 		
0x00D8	0xD7F5      	BRA         $-20
;__Lib_Math.c,99 :: 		
L_end_Div_8X8_U:
0x00DA	0x0012      	RETURN      0
; end of _Div_8X8_U
_Lcd_Chr_CP:
;__Lib_Lcd.c,50 :: 		
;__Lib_Lcd.c,52 :: 		
0x00DC	0x9030      	BCF         __Lib_Lcd_cmd_status, BitPos(__Lib_Lcd_cmd_status+0) 
;__Lib_Lcd.c,53 :: 		
0x00DE	0xF040C03F  	MOVFF       FARG_Lcd_Chr_CP_out_char, FARG_Lcd_Cmd_out_char
0x00E2	0xDFAF      	RCALL       _Lcd_Cmd
;__Lib_Lcd.c,54 :: 		
0x00E4	0x8030      	BSF         __Lib_Lcd_cmd_status, BitPos(__Lib_Lcd_cmd_status+0) 
;__Lib_Lcd.c,55 :: 		
L_end_Lcd_Chr_CP:
0x00E6	0x0012      	RETURN      0
; end of _Lcd_Chr_CP
_UART1_Data_Ready:
;__Lib_UART_c67.c,34 :: 		
;__Lib_UART_c67.c,35 :: 		
0x00E8	0x0E00      	MOVLW       0
0x00EA	0xBA9E      	BTFSC       PIR1, 5 
0x00EC	0x0E01      	MOVLW       1
0x00EE	0x6E00      	MOVWF       R0 
;__Lib_UART_c67.c,36 :: 		
L_end_UART1_Data_Ready:
0x00F0	0x0012      	RETURN      0
; end of _UART1_Data_Ready
_Lcd_Init:
;__Lib_Lcd.c,84 :: 		
;__Lib_Lcd.c,86 :: 		
0x00F2	0x9493      	BCF         LCD_EN_Direction, BitPos(LCD_EN_Direction+0) 
;__Lib_Lcd.c,87 :: 		
0x00F4	0x9093      	BCF         LCD_RS_Direction, BitPos(LCD_RS_Direction+0) 
;__Lib_Lcd.c,88 :: 		
0x00F6	0x9895      	BCF         LCD_D4_Direction, BitPos(LCD_D4_Direction+0) 
;__Lib_Lcd.c,89 :: 		
0x00F8	0x9A95      	BCF         LCD_D5_Direction, BitPos(LCD_D5_Direction+0) 
;__Lib_Lcd.c,90 :: 		
0x00FA	0x9C95      	BCF         LCD_D6_Direction, BitPos(LCD_D6_Direction+0) 
;__Lib_Lcd.c,91 :: 		
0x00FC	0x9E95      	BCF         LCD_D7_Direction, BitPos(LCD_D7_Direction+0) 
;__Lib_Lcd.c,93 :: 		
0x00FE	0x9481      	BCF         LCD_EN, BitPos(LCD_EN+0) 
;__Lib_Lcd.c,94 :: 		
0x0100	0x9081      	BCF         LCD_RS, BitPos(LCD_RS+0) 
;__Lib_Lcd.c,95 :: 		
0x0102	0x9E83      	BCF         LCD_D7, BitPos(LCD_D7+0) 
;__Lib_Lcd.c,96 :: 		
0x0104	0x9C83      	BCF         LCD_D6, BitPos(LCD_D6+0) 
;__Lib_Lcd.c,97 :: 		
0x0106	0x9A83      	BCF         LCD_D5, BitPos(LCD_D5+0) 
;__Lib_Lcd.c,98 :: 		
0x0108	0x9883      	BCF         LCD_D4, BitPos(LCD_D4+0) 
;__Lib_Lcd.c,100 :: 		
0x010A	0xDF88      	RCALL       _Delay_5500us
;__Lib_Lcd.c,101 :: 		
0x010C	0xDF87      	RCALL       _Delay_5500us
;__Lib_Lcd.c,102 :: 		
0x010E	0xDF86      	RCALL       _Delay_5500us
;__Lib_Lcd.c,105 :: 		
0x0110	0x8A83      	BSF         LCD_D5, BitPos(LCD_D5+0) 
;__Lib_Lcd.c,106 :: 		
0x0112	0x8883      	BSF         LCD_D4, BitPos(LCD_D4+0) 
;__Lib_Lcd.c,107 :: 		
0x0114	0x8481      	BSF         LCD_EN, BitPos(LCD_EN+0) 
;__Lib_Lcd.c,108 :: 		
0x0116	0xDF92      	RCALL       _Delay_1us
;__Lib_Lcd.c,109 :: 		
0x0118	0x9481      	BCF         LCD_EN, BitPos(LCD_EN+0) 
;__Lib_Lcd.c,110 :: 		
0x011A	0xDF80      	RCALL       _Delay_5500us
;__Lib_Lcd.c,112 :: 		
0x011C	0x8481      	BSF         LCD_EN, BitPos(LCD_EN+0) 
;__Lib_Lcd.c,113 :: 		
0x011E	0xDF8E      	RCALL       _Delay_1us
;__Lib_Lcd.c,114 :: 		
0x0120	0x9481      	BCF         LCD_EN, BitPos(LCD_EN+0) 
;__Lib_Lcd.c,115 :: 		
0x0122	0xDF7C      	RCALL       _Delay_5500us
;__Lib_Lcd.c,117 :: 		
0x0124	0x8481      	BSF         LCD_EN, BitPos(LCD_EN+0) 
;__Lib_Lcd.c,118 :: 		
0x0126	0xDF8A      	RCALL       _Delay_1us
;__Lib_Lcd.c,119 :: 		
0x0128	0x9481      	BCF         LCD_EN, BitPos(LCD_EN+0) 
;__Lib_Lcd.c,120 :: 		
0x012A	0xDF78      	RCALL       _Delay_5500us
;__Lib_Lcd.c,123 :: 		
0x012C	0x9883      	BCF         LCD_D4, BitPos(LCD_D4+0) 
;__Lib_Lcd.c,124 :: 		
0x012E	0x8481      	BSF         LCD_EN, BitPos(LCD_EN+0) 
;__Lib_Lcd.c,125 :: 		
0x0130	0xDF85      	RCALL       _Delay_1us
;__Lib_Lcd.c,126 :: 		
0x0132	0x9481      	BCF         LCD_EN, BitPos(LCD_EN+0) 
;__Lib_Lcd.c,127 :: 		
0x0134	0xDF73      	RCALL       _Delay_5500us
;__Lib_Lcd.c,130 :: 		
0x0136	0x8481      	BSF         LCD_EN, BitPos(LCD_EN+0) 
;__Lib_Lcd.c,131 :: 		
0x0138	0xDF81      	RCALL       _Delay_1us
;__Lib_Lcd.c,132 :: 		
0x013A	0x9481      	BCF         LCD_EN, BitPos(LCD_EN+0) 
;__Lib_Lcd.c,134 :: 		
0x013C	0x9A83      	BCF         LCD_D5, BitPos(LCD_D5+0) 
;__Lib_Lcd.c,135 :: 		
0x013E	0x8E83      	BSF         LCD_D7, BitPos(LCD_D7+0) 
;__Lib_Lcd.c,136 :: 		
0x0140	0x8481      	BSF         LCD_EN, BitPos(LCD_EN+0) 
;__Lib_Lcd.c,137 :: 		
0x0142	0xDF7C      	RCALL       _Delay_1us
;__Lib_Lcd.c,138 :: 		
0x0144	0x9481      	BCF         LCD_EN, BitPos(LCD_EN+0) 
;__Lib_Lcd.c,139 :: 		
0x0146	0xDF6A      	RCALL       _Delay_5500us
;__Lib_Lcd.c,142 :: 		
0x0148	0x9E83      	BCF         LCD_D7, BitPos(LCD_D7+0) 
;__Lib_Lcd.c,143 :: 		
0x014A	0x8883      	BSF         LCD_D4, BitPos(LCD_D4+0) 
;__Lib_Lcd.c,144 :: 		
0x014C	0x8481      	BSF         LCD_EN, BitPos(LCD_EN+0) 
;__Lib_Lcd.c,145 :: 		
0x014E	0xDF76      	RCALL       _Delay_1us
;__Lib_Lcd.c,146 :: 		
0x0150	0x9481      	BCF         LCD_EN, BitPos(LCD_EN+0) 
;__Lib_Lcd.c,148 :: 		
0x0152	0x9883      	BCF         LCD_D4, BitPos(LCD_D4+0) 
;__Lib_Lcd.c,149 :: 		
0x0154	0x8481      	BSF         LCD_EN, BitPos(LCD_EN+0) 
;__Lib_Lcd.c,150 :: 		
0x0156	0xDF72      	RCALL       _Delay_1us
;__Lib_Lcd.c,151 :: 		
0x0158	0x9481      	BCF         LCD_EN, BitPos(LCD_EN+0) 
;__Lib_Lcd.c,152 :: 		
0x015A	0xDF60      	RCALL       _Delay_5500us
;__Lib_Lcd.c,155 :: 		
0x015C	0x8481      	BSF         LCD_EN, BitPos(LCD_EN+0) 
;__Lib_Lcd.c,156 :: 		
0x015E	0xDF6E      	RCALL       _Delay_1us
;__Lib_Lcd.c,157 :: 		
0x0160	0x9481      	BCF         LCD_EN, BitPos(LCD_EN+0) 
;__Lib_Lcd.c,159 :: 		
0x0162	0x8883      	BSF         LCD_D4, BitPos(LCD_D4+0) 
;__Lib_Lcd.c,160 :: 		
0x0164	0x8481      	BSF         LCD_EN, BitPos(LCD_EN+0) 
;__Lib_Lcd.c,161 :: 		
0x0166	0xDF6A      	RCALL       _Delay_1us
;__Lib_Lcd.c,162 :: 		
0x0168	0x9481      	BCF         LCD_EN, BitPos(LCD_EN+0) 
;__Lib_Lcd.c,163 :: 		
0x016A	0xDF58      	RCALL       _Delay_5500us
;__Lib_Lcd.c,166 :: 		
0x016C	0x9883      	BCF         LCD_D4, BitPos(LCD_D4+0) 
;__Lib_Lcd.c,167 :: 		
0x016E	0x8481      	BSF         LCD_EN, BitPos(LCD_EN+0) 
;__Lib_Lcd.c,168 :: 		
0x0170	0xDF65      	RCALL       _Delay_1us
;__Lib_Lcd.c,169 :: 		
0x0172	0x9481      	BCF         LCD_EN, BitPos(LCD_EN+0) 
;__Lib_Lcd.c,171 :: 		
0x0174	0x8E83      	BSF         LCD_D7, BitPos(LCD_D7+0) 
;__Lib_Lcd.c,172 :: 		
0x0176	0x8C83      	BSF         LCD_D6, BitPos(LCD_D6+0) 
;__Lib_Lcd.c,173 :: 		
0x0178	0x8A83      	BSF         LCD_D5, BitPos(LCD_D5+0) 
;__Lib_Lcd.c,174 :: 		
0x017A	0x8883      	BSF         LCD_D4, BitPos(LCD_D4+0) 
;__Lib_Lcd.c,175 :: 		
0x017C	0x8481      	BSF         LCD_EN, BitPos(LCD_EN+0) 
;__Lib_Lcd.c,176 :: 		
0x017E	0xDF5E      	RCALL       _Delay_1us
;__Lib_Lcd.c,177 :: 		
0x0180	0x9481      	BCF         LCD_EN, BitPos(LCD_EN+0) 
;__Lib_Lcd.c,179 :: 		
0x0182	0xDF4C      	RCALL       _Delay_5500us
;__Lib_Lcd.c,181 :: 		
0x0184	0x8030      	BSF         __Lib_Lcd_cmd_status, BitPos(__Lib_Lcd_cmd_status+0) 
;__Lib_Lcd.c,182 :: 		
L_end_Lcd_Init:
0x0186	0x0012      	RETURN      0
; end of _Lcd_Init
___CC2DW:
;__Lib_System.c,21 :: 		
;__Lib_System.c,23 :: 		
_CC2DL_Loop1:
;__Lib_System.c,24 :: 		
0x0188	0x0009      	TBLRD*+
;__Lib_System.c,25 :: 		
0x018A	0xFFE6CFF5  	MOVFF       TABLAT, POSTINC1
;__Lib_System.c,26 :: 		
0x018E	0x0600      	DECF        R0, 1, 0
;__Lib_System.c,27 :: 		
0x0190	0xE1FB      	BNZ         _CC2DL_Loop1
;__Lib_System.c,28 :: 		
0x0192	0x0601      	DECF        R1, 1, 0
;__Lib_System.c,29 :: 		
0x0194	0xE1F9      	BNZ         _CC2DL_Loop1
;__Lib_System.c,31 :: 		
L_end___CC2DW:
0x0196	0x0012      	RETURN      0
; end of ___CC2DW
_UART1_Init:
;__Lib_UART_c67.c,15 :: 		
;__Lib_UART_c67.c,18 :: 		
0x0198	0x0EFF      	MOVLW       _UART1_Write
0x019A	0x6E31      	MOVWF       _UART_Wr_Ptr 
0x019C	0x0EFF      	MOVLW       hi_addr(_UART1_Write)
0x019E	0x6E32      	MOVWF       _UART_Wr_Ptr+1 
0x01A0	0x0EFF      	MOVLW       FARG_UART1_Write_data_
0x01A2	0x6E33      	MOVWF       _UART_Wr_Ptr+2 
0x01A4	0x0EFF      	MOVLW       hi_addr(FARG_UART1_Write_data_)
0x01A6	0x6E34      	MOVWF       _UART_Wr_Ptr+3 
;__Lib_UART_c67.c,19 :: 		
0x01A8	0x0EEE      	MOVLW       _UART1_Read
0x01AA	0x6E24      	MOVWF       _UART_Rd_Ptr 
0x01AC	0x0E01      	MOVLW       hi_addr(_UART1_Read)
0x01AE	0x6E25      	MOVWF       _UART_Rd_Ptr+1 
0x01B0	0x0E00      	MOVLW       0
0x01B2	0x6E26      	MOVWF       _UART_Rd_Ptr+2 
0x01B4	0x0E00      	MOVLW       0
0x01B6	0x6E27      	MOVWF       _UART_Rd_Ptr+3 
;__Lib_UART_c67.c,20 :: 		
0x01B8	0x0EE8      	MOVLW       _UART1_Data_Ready
0x01BA	0x6E28      	MOVWF       _UART_Rdy_Ptr 
0x01BC	0x0E00      	MOVLW       hi_addr(_UART1_Data_Ready)
0x01BE	0x6E29      	MOVWF       _UART_Rdy_Ptr+1 
0x01C0	0x0E00      	MOVLW       0
0x01C2	0x6E2A      	MOVWF       _UART_Rdy_Ptr+2 
0x01C4	0x0E00      	MOVLW       0
0x01C6	0x6E2B      	MOVWF       _UART_Rdy_Ptr+3 
;__Lib_UART_c67.c,21 :: 		
0x01C8	0x0EFF      	MOVLW       _UART1_Tx_Idle
0x01CA	0x6E2C      	MOVWF       _UART_Tx_Idle_Ptr 
0x01CC	0x0EFF      	MOVLW       hi_addr(_UART1_Tx_Idle)
0x01CE	0x6E2D      	MOVWF       _UART_Tx_Idle_Ptr+1 
0x01D0	0x0E00      	MOVLW       0
0x01D2	0x6E2E      	MOVWF       _UART_Tx_Idle_Ptr+2 
0x01D4	0x0E00      	MOVLW       0
0x01D6	0x6E2F      	MOVWF       _UART_Tx_Idle_Ptr+3 
;__Lib_UART_c67.c,23 :: 		
0x01D8	0x8AAC      	BSF         TXSTA, 5 
;__Lib_UART_c67.c,24 :: 		
0x01DA	0x0E90      	MOVLW       144
0x01DC	0x6EAB      	MOVWF       RCSTA 
;__Lib_UART_c67.c,25 :: 		
0x01DE	0x8E94      	BSF         TRISC7_bit, BitPos(TRISC7_bit+0) 
;__Lib_UART_c67.c,26 :: 		
0x01E0	0x9C94      	BCF         TRISC6_bit, BitPos(TRISC6_bit+0) 
;__Lib_UART_c67.c,28 :: 		
L_UART1_Init0:
0x01E2	0xAA9E      	BTFSS       PIR1, 5 
0x01E4	0xD003      	BRA         L_UART1_Init1
;__Lib_UART_c67.c,29 :: 		
0x01E6	0xF000CFAE  	MOVFF       RCREG, R0
0x01EA	0xD7FB      	BRA         L_UART1_Init0
L_UART1_Init1:
;__Lib_UART_c67.c,30 :: 		
L_end_UART1_Init:
0x01EC	0x0012      	RETURN      0
; end of _UART1_Init
_UART1_Read:
;__Lib_UART_c67.c,39 :: 		
;__Lib_UART_c67.c,42 :: 		
0x01EE	0xF001CFAE  	MOVFF       RCREG, R1
;__Lib_UART_c67.c,43 :: 		
0x01F2	0xA2AB      	BTFSS       RCSTA, 1 
0x01F4	0xD002      	BRA         L_UART1_Read2
;__Lib_UART_c67.c,44 :: 		
0x01F6	0x98AB      	BCF         RCSTA, 4 
;__Lib_UART_c67.c,45 :: 		
0x01F8	0x88AB      	BSF         RCSTA, 4 
;__Lib_UART_c67.c,46 :: 		
L_UART1_Read2:
;__Lib_UART_c67.c,47 :: 		
0x01FA	0xF000C001  	MOVFF       R1, R0
;__Lib_UART_c67.c,48 :: 		
L_end_UART1_Read:
0x01FE	0x0012      	RETURN      0
; end of _UART1_Read
_ByteToStr:
;__Lib_Conversions.c,66 :: 		
;__Lib_Conversions.c,69 :: 		
0x0200	0x6A3C      	CLRF        ByteToStr_DigitPos_L0 
L_ByteToStr0:
0x0202	0x0E03      	MOVLW       3
0x0204	0x5C3C      	SUBWF       ByteToStr_DigitPos_L0, 0 
0x0206	0xE20A      	BC          L_ByteToStr1
;__Lib_Conversions.c,70 :: 		
0x0208	0x503C      	MOVF        ByteToStr_DigitPos_L0, 0 
0x020A	0x243A      	ADDWF       FARG_ByteToStr_output, 0 
0x020C	0x6EE1      	MOVWF       FSR1L 
0x020E	0x0E00      	MOVLW       0
0x0210	0x203B      	ADDWFC      FARG_ByteToStr_output+1, 0 
0x0212	0x6EE2      	MOVWF       FSR1L+1 
0x0214	0x0E20      	MOVLW       32
0x0216	0x6EE6      	MOVWF       POSTINC1 
;__Lib_Conversions.c,69 :: 		
0x0218	0x2A3C      	INCF        ByteToStr_DigitPos_L0, 1 
;__Lib_Conversions.c,70 :: 		
0x021A	0xD7F3      	BRA         L_ByteToStr0
L_ByteToStr1:
;__Lib_Conversions.c,72 :: 		
0x021C	0x503C      	MOVF        ByteToStr_DigitPos_L0, 0 
0x021E	0x243A      	ADDWF       FARG_ByteToStr_output, 0 
0x0220	0x6EE1      	MOVWF       FSR1L 
0x0222	0x0E00      	MOVLW       0
0x0224	0x203B      	ADDWFC      FARG_ByteToStr_output+1, 0 
0x0226	0x6EE2      	MOVWF       FSR1L+1 
0x0228	0x6AE6      	CLRF        POSTINC1 
0x022A	0x063C      	DECF        ByteToStr_DigitPos_L0, 1 
;__Lib_Conversions.c,74 :: 		
L_ByteToStr3:
;__Lib_Conversions.c,75 :: 		
0x022C	0x503C      	MOVF        ByteToStr_DigitPos_L0, 0 
0x022E	0x243A      	ADDWF       FARG_ByteToStr_output, 0 
0x0230	0x6E3D      	MOVWF       FLOC__ByteToStr 
0x0232	0x0E00      	MOVLW       0
0x0234	0x203B      	ADDWFC      FARG_ByteToStr_output+1, 0 
0x0236	0x6E3E      	MOVWF       FLOC__ByteToStr+1 
0x0238	0x0E0A      	MOVLW       10
0x023A	0x6E04      	MOVWF       R4 
0x023C	0xF000C039  	MOVFF       FARG_ByteToStr_input, R0
0x0240	0xDF3E      	RCALL       _Div_8X8_U
0x0242	0xF000C008  	MOVFF       R8, R0
0x0246	0x0E30      	MOVLW       48
0x0248	0x2600      	ADDWF       R0, 1 
0x024A	0xFFE1C03D  	MOVFF       FLOC__ByteToStr, FSR1L
0x024E	0xFFE2C03E  	MOVFF       FLOC__ByteToStr+1, FSR1H
0x0252	0xFFE6C000  	MOVFF       R0, POSTINC1
;__Lib_Conversions.c,76 :: 		
0x0256	0x0E0A      	MOVLW       10
0x0258	0x6E04      	MOVWF       R4 
0x025A	0xF000C039  	MOVFF       FARG_ByteToStr_input, R0
0x025E	0xDF2F      	RCALL       _Div_8X8_U
0x0260	0xF039C000  	MOVFF       R0, FARG_ByteToStr_input
;__Lib_Conversions.c,77 :: 		
0x0264	0x5000      	MOVF        R0, 0 
0x0266	0x0A00      	XORLW       0
0x0268	0xE101      	BNZ         L_ByteToStr5
;__Lib_Conversions.c,78 :: 		
0x026A	0xD002      	BRA         L_ByteToStr4
L_ByteToStr5:
;__Lib_Conversions.c,79 :: 		
0x026C	0x063C      	DECF        ByteToStr_DigitPos_L0, 1 
;__Lib_Conversions.c,80 :: 		
0x026E	0xD7DE      	BRA         L_ByteToStr3
L_ByteToStr4:
;__Lib_Conversions.c,81 :: 		
L_end_ByteToStr:
0x0270	0x0012      	RETURN      0
; end of _ByteToStr
_Lcd_Out:
;__Lib_Lcd.c,184 :: 		
;__Lib_Lcd.c,187 :: 		
0x0272	0xD00F      	BRA         L_Lcd_Out11
;__Lib_Lcd.c,188 :: 		
L_Lcd_Out13:
0x0274	0x0E80      	MOVLW       128
0x0276	0x6E39      	MOVWF       FARG_Lcd_Out_row 
0x0278	0xD019      	BRA         L_Lcd_Out12
;__Lib_Lcd.c,189 :: 		
L_Lcd_Out14:
0x027A	0x0EC0      	MOVLW       192
0x027C	0x6E39      	MOVWF       FARG_Lcd_Out_row 
0x027E	0xD016      	BRA         L_Lcd_Out12
;__Lib_Lcd.c,190 :: 		
L_Lcd_Out15:
0x0280	0x0E94      	MOVLW       148
0x0282	0x6E39      	MOVWF       FARG_Lcd_Out_row 
0x0284	0xD013      	BRA         L_Lcd_Out12
;__Lib_Lcd.c,191 :: 		
L_Lcd_Out16:
0x0286	0x0ED4      	MOVLW       212
0x0288	0x6E39      	MOVWF       FARG_Lcd_Out_row 
0x028A	0xD010      	BRA         L_Lcd_Out12
;__Lib_Lcd.c,192 :: 		
L_Lcd_Out17:
0x028C	0x0E80      	MOVLW       128
0x028E	0x6E39      	MOVWF       FARG_Lcd_Out_row 
;__Lib_Lcd.c,193 :: 		
0x0290	0xD00D      	BRA         L_Lcd_Out12
L_Lcd_Out11:
0x0292	0x5039      	MOVF        FARG_Lcd_Out_row, 0 
0x0294	0x0A01      	XORLW       1
0x0296	0xE0EE      	BZ          L_Lcd_Out13
0x0298	0x5039      	MOVF        FARG_Lcd_Out_row, 0 
0x029A	0x0A02      	XORLW       2
0x029C	0xE0EE      	BZ          L_Lcd_Out14
0x029E	0x5039      	MOVF        FARG_Lcd_Out_row, 0 
0x02A0	0x0A03      	XORLW       3
0x02A2	0xE0EE      	BZ          L_Lcd_Out15
0x02A4	0x5039      	MOVF        FARG_Lcd_Out_row, 0 
0x02A6	0x0A04      	XORLW       4
0x02A8	0xE0EE      	BZ          L_Lcd_Out16
0x02AA	0xD7F0      	BRA         L_Lcd_Out17
L_Lcd_Out12:
;__Lib_Lcd.c,194 :: 		
0x02AC	0x043A      	DECF        FARG_Lcd_Out_column, 0 
0x02AE	0x6E00      	MOVWF       R0 
0x02B0	0x5039      	MOVF        FARG_Lcd_Out_row, 0 
0x02B2	0x2600      	ADDWF       R0, 1 
0x02B4	0xF039C000  	MOVFF       R0, FARG_Lcd_Out_row
;__Lib_Lcd.c,196 :: 		
0x02B8	0xF040C000  	MOVFF       R0, FARG_Lcd_Cmd_out_char
0x02BC	0xDEC2      	RCALL       _Lcd_Cmd
;__Lib_Lcd.c,197 :: 		
0x02BE	0x9030      	BCF         __Lib_Lcd_cmd_status, BitPos(__Lib_Lcd_cmd_status+0) 
;__Lib_Lcd.c,198 :: 		
0x02C0	0x6A3D      	CLRF        Lcd_Out_i_L0 
;__Lib_Lcd.c,199 :: 		
L_Lcd_Out18:
0x02C2	0x503D      	MOVF        Lcd_Out_i_L0, 0 
0x02C4	0x243B      	ADDWF       FARG_Lcd_Out_text, 0 
0x02C6	0x6EE9      	MOVWF       FSR0L 
0x02C8	0x0E00      	MOVLW       0
0x02CA	0x203C      	ADDWFC      FARG_Lcd_Out_text+1, 0 
0x02CC	0x6EEA      	MOVWF       FSR0L+1 
0x02CE	0x52EE      	MOVF        POSTINC0, 1 
0x02D0	0xE00B      	BZ          L_Lcd_Out19
;__Lib_Lcd.c,200 :: 		
0x02D2	0x503D      	MOVF        Lcd_Out_i_L0, 0 
0x02D4	0x243B      	ADDWF       FARG_Lcd_Out_text, 0 
0x02D6	0x6EE9      	MOVWF       FSR0L 
0x02D8	0x0E00      	MOVLW       0
0x02DA	0x203C      	ADDWFC      FARG_Lcd_Out_text+1, 0 
0x02DC	0x6EEA      	MOVWF       FSR0L+1 
0x02DE	0xF03FCFEE  	MOVFF       POSTINC0, FARG_Lcd_Chr_CP_out_char
0x02E2	0xDEFC      	RCALL       _Lcd_Chr_CP
0x02E4	0x2A3D      	INCF        Lcd_Out_i_L0, 1 
0x02E6	0xD7ED      	BRA         L_Lcd_Out18
L_Lcd_Out19:
;__Lib_Lcd.c,201 :: 		
0x02E8	0x8030      	BSF         __Lib_Lcd_cmd_status, BitPos(__Lib_Lcd_cmd_status+0) 
;__Lib_Lcd.c,202 :: 		
L_end_Lcd_Out:
0x02EA	0x0012      	RETURN      0
; end of _Lcd_Out
_main:
0x02EC	0x0E59      	MOVLW       89
0x02EE	0x6E15      	MOVWF       ?lstr1__rx 
0x02F0	0x0E6F      	MOVLW       111
0x02F2	0x6E16      	MOVWF       22 
0x02F4	0x0E75      	MOVLW       117
0x02F6	0x6E17      	MOVWF       23 
0x02F8	0x0E72      	MOVLW       114
0x02FA	0x6E18      	MOVWF       24 
0x02FC	0x0E20      	MOVLW       32
0x02FE	0x6E19      	MOVWF       25 
0x0300	0x0E33      	MOVLW       51
0x0302	0x6E1A      	MOVWF       26 
0x0304	0x0E20      	MOVLW       32
0x0306	0x6E1B      	MOVWF       27 
0x0308	0x0E6E      	MOVLW       110
0x030A	0x6E1C      	MOVWF       28 
0x030C	0x0E75      	MOVLW       117
0x030E	0x6E1D      	MOVWF       29 
0x0310	0x0E6D      	MOVLW       109
0x0312	0x6E1E      	MOVWF       30 
0x0314	0x0E62      	MOVLW       98
0x0316	0x6E1F      	MOVWF       31 
0x0318	0x0E65      	MOVLW       101
0x031A	0x6E20      	MOVWF       32 
0x031C	0x0E72      	MOVLW       114
0x031E	0x6E21      	MOVWF       33 
0x0320	0x0E73      	MOVLW       115
0x0322	0x6E22      	MOVWF       34 
0x0324	0x6A23      	CLRF        35 
;_rx.c,27 :: 		void main() {
;_rx.c,31 :: 		trisd=0;
0x0326	0x6A95      	CLRF        TRISD 
;_rx.c,32 :: 		trisb=0;
0x0328	0x6A93      	CLRF        TRISB 
;_rx.c,34 :: 		UART1_Init(9600);
0x032A	0x0E33      	MOVLW       51
0x032C	0x6EAF      	MOVWF       SPBRG 
0x032E	0x84AC      	BSF         TXSTA, 2, 0
0x0330	0xDF33      	RCALL       _UART1_Init
;_rx.c,35 :: 		Delay_ms(100);
0x0332	0x0E02      	MOVLW       2
0x0334	0x6E0B      	MOVWF       R11, 0
0x0336	0x0E04      	MOVLW       4
0x0338	0x6E0C      	MOVWF       R12, 0
0x033A	0x0EBA      	MOVLW       186
0x033C	0x6E0D      	MOVWF       R13, 0
L_main0:
0x033E	0x2E0D      	DECFSZ      R13, 1, 0
0x0340	0xD7FE      	BRA         L_main0
0x0342	0x2E0C      	DECFSZ      R12, 1, 0
0x0344	0xD7FC      	BRA         L_main0
0x0346	0x2E0B      	DECFSZ      R11, 1, 0
0x0348	0xD7FA      	BRA         L_main0
0x034A	0x0000      	NOP
;_rx.c,36 :: 		Lcd_Init();                        // Initialize LCD
0x034C	0xDED2      	RCALL       _Lcd_Init
;_rx.c,38 :: 		Lcd_Cmd(_LCD_CLEAR);               // Clear display
0x034E	0x0E01      	MOVLW       1
0x0350	0x6E40      	MOVWF       FARG_Lcd_Cmd_out_char 
0x0352	0xDE77      	RCALL       _Lcd_Cmd
;_rx.c,39 :: 		Lcd_Cmd(_LCD_CURSOR_OFF);
0x0354	0x0E0C      	MOVLW       12
0x0356	0x6E40      	MOVWF       FARG_Lcd_Cmd_out_char 
0x0358	0xDE74      	RCALL       _Lcd_Cmd
;_rx.c,41 :: 		Lcd_Out(1,4,"Your 3 numbers");
0x035A	0x0E01      	MOVLW       1
0x035C	0x6E39      	MOVWF       FARG_Lcd_Out_row 
0x035E	0x0E04      	MOVLW       4
0x0360	0x6E3A      	MOVWF       FARG_Lcd_Out_column 
0x0362	0x0E15      	MOVLW       ?lstr1__rx
0x0364	0x6E3B      	MOVWF       FARG_Lcd_Out_text 
0x0366	0x0E00      	MOVLW       hi_addr(?lstr1__rx)
0x0368	0x6E3C      	MOVWF       FARG_Lcd_Out_text+1 
0x036A	0xDF83      	RCALL       _Lcd_Out
;_rx.c,43 :: 		while (1) {                     // Endless loop
L_main1:
;_rx.c,44 :: 		if (UART1_Data_Ready()) {     // If data is received,
0x036C	0xDEBD      	RCALL       _UART1_Data_Ready
0x036E	0x5200      	MOVF        R0, 1 
0x0370	0xE011      	BZ          L_main3
;_rx.c,45 :: 		recieved_data = UART1_Read();     // read the received data,
0x0372	0xDF3D      	RCALL       _UART1_Read
;_rx.c,46 :: 		bytetostr(recieved_data,Display);
0x0374	0xF039C000  	MOVFF       R0, FARG_ByteToStr_input
0x0378	0x0E35      	MOVLW       main_Display_L0
0x037A	0x6E3A      	MOVWF       FARG_ByteToStr_output 
0x037C	0x0E00      	MOVLW       hi_addr(main_Display_L0)
0x037E	0x6E3B      	MOVWF       FARG_ByteToStr_output+1 
0x0380	0xDF3F      	RCALL       _ByteToStr
;_rx.c,47 :: 		lcd_out(2,7,Display);
0x0382	0x0E02      	MOVLW       2
0x0384	0x6E39      	MOVWF       FARG_Lcd_Out_row 
0x0386	0x0E07      	MOVLW       7
0x0388	0x6E3A      	MOVWF       FARG_Lcd_Out_column 
0x038A	0x0E35      	MOVLW       main_Display_L0
0x038C	0x6E3B      	MOVWF       FARG_Lcd_Out_text 
0x038E	0x0E00      	MOVLW       hi_addr(main_Display_L0)
0x0390	0x6E3C      	MOVWF       FARG_Lcd_Out_text+1 
0x0392	0xDF6F      	RCALL       _Lcd_Out
;_rx.c,48 :: 		}
L_main3:
;_rx.c,49 :: 		}
0x0394	0xD7EB      	BRA         L_main1
;_rx.c,52 :: 		}
L_end_main:
0x0396	0xD7FF      	BRA         $+0
; end of _main
Symbol List:
//** Routines locations **
//ADDRESS    SIZE    PROCEDURE
//----------------------------------------------
0x001C      [22]    _Delay_5500us
0x0032      [10]    _Delay_50us
0x003C       [6]    _Delay_1us
0x0042     [124]    _Lcd_Cmd
0x00BE      [30]    _Div_8X8_U
0x00DC      [12]    _Lcd_Chr_CP
0x00E8      [10]    _UART1_Data_Ready
0x00F2     [150]    _Lcd_Init
0x0188      [16]    ___CC2DW
0x0198      [86]    _UART1_Init
0x01EE      [18]    _UART1_Read
0x0200     [114]    _ByteToStr
0x0272     [122]    _Lcd_Out
0x02EC     [172]    _main
//** Variables locations ** 
//ADDRESS    SIZE    VARIABLE
//----------------------------------------------
0x0000       [1]    R0
0x0000       [1]    UART1_Init_tmp_L0
0x0001       [1]    ispunct_rslt_L0
0x0001       [1]    __Lib_Conversions_Adjust_Hex_tmp_L0
0x0001       [1]    UART1_Read___tmp_UART1_Read_L0
0x0001       [1]    R1
0x0002       [1]    R2
0x0002       [2]    strlen_cp_L0
0x0002       [2]    memset_pp_L0
0x0002       [2]    memcpy_dd_L0
0x0002       [2]    memchr_s_L0
0x0003       [1]    R3
0x0003       [2]    memmove_tt_L0
0x0003       [2]    Ltrim_original_L0
0x0004       [2]    strncpy_cp_L0
0x0004       [2]    strncat_cp_L0
0x0004       [2]    strcpy_cp_L0
0x0004       [2]    strcat_cp_L0
0x0004       [2]    memcpy_ss_L0
0x0004       [2]    frexp_pom_L0
0x0004       [1]    R4
0x0005       [2]    memmove_ff_L0
0x0005       [2]    Ltrim_p_L0
0x0005       [1]    R5
0x0005       [2]    LongIntToHex_input_half_L0
0x0005       [2]    LongWordToHex_input_half_L0
0x0006       [1]    R6
0x0007       [1]    R7
0x0008       [1]    R8
0x0009       [1]    R9
0x000A       [1]    R10
0x000B       [1]    R11
0x000C       [1]    R12
0x000D       [1]    R13
0x000E       [1]    R14
0x000F       [1]    R15
0x0010       [1]    R16
0x0011       [1]    R17
0x0012       [1]    R18
0x0013       [1]    R19
0x0014       [1]    R20
0x0015      [15]    ?lstr1__rx
0x0024       [4]    _UART_Rd_Ptr
0x0028       [4]    _UART_Rdy_Ptr
0x002C       [4]    _UART_Tx_Idle_Ptr
0x0030       [0]    __Lib_Lcd_cmd_status
0x0031       [4]    _UART_Wr_Ptr
0x0035       [4]    main_Display_L0
0x0039       [1]    FARG_ByteToStr_input
0x0039       [1]    FARG_Lcd_Out_row
0x003A       [2]    FARG_ByteToStr_output
0x003A       [1]    FARG_Lcd_Out_column
0x003B       [2]    FARG_Lcd_Out_text
0x003C       [1]    ByteToStr_DigitPos_L0
0x003D       [2]    FLOC__ByteToStr
0x003D       [1]    Lcd_Out_i_L0
0x003F       [1]    FARG_Lcd_Chr_CP_out_char
0x0040       [1]    FARG_Lcd_Cmd_out_char
0x0F81       [0]    LCD_EN
0x0F81       [0]    LCD_RS
0x0F81       [0]    RB2_bit
0x0F81       [0]    RB0_bit
0x0F83       [0]    LCD_D5
0x0F83       [0]    LCD_D6
0x0F83       [0]    LCD_D7
0x0F83       [0]    LCD_D4
0x0F83       [0]    RD5_bit
0x0F83       [0]    RD6_bit
0x0F83       [0]    RD7_bit
0x0F83       [0]    RD4_bit
0x0F93       [0]    LCD_RS_Direction
0x0F93       [0]    TRISB0_bit
0x0F93       [0]    LCD_EN_Direction
0x0F93       [0]    TRISB2_bit
0x0F93       [1]    TRISB
0x0F94       [0]    TRISC6_bit
0x0F94       [0]    TRISC7_bit
0x0F95       [0]    TRISD5_bit
0x0F95       [0]    TRISD4_bit
0x0F95       [0]    TRISD6_bit
0x0F95       [1]    TRISD
0x0F95       [0]    TRISD7_bit
0x0F95       [0]    LCD_D6_Direction
0x0F95       [0]    LCD_D7_Direction
0x0F95       [0]    LCD_D4_Direction
0x0F95       [0]    LCD_D5_Direction
0x0F9E       [1]    PIR1
0x0FAB       [1]    RCSTA
0x0FAC       [1]    TXSTA
0x0FAE       [1]    RCREG
0x0FAF       [1]    SPBRG
0x0FD8       [1]    STATUS
0x0FD9       [1]    FSR2L
0x0FDA       [1]    FSR2H
0x0FDE       [1]    POSTINC2
0x0FE0       [1]    BSR
0x0FE1       [1]    FSR1L
0x0FE2       [1]    FSR1H
0x0FE4       [1]    PREINC1
0x0FE6       [1]    POSTINC1
0x0FE7       [1]    INDF1
0x0FE8       [1]    WREG
0x0FE9       [1]    FSR0L
0x0FEA       [1]    FSR0H
0x0FEE       [1]    POSTINC0
0x0FF3       [1]    PRODL
0x0FF4       [1]    PRODH
0x0FF5       [1]    TABLAT
0x0FF6       [1]    TBLPTRL
0x0FF6       [3]    TBLPTR
0x0FF7       [1]    TBLPTRH
0x0FF8       [1]    TBLPTRU
